#
# There is insufficient memory for the Java Runtime Environment to continue.
# Native memory allocation (malloc) failed to allocate 1306896 bytes for Chunk::new
# Possible reasons:
#   The system is out of physical RAM or swap space
#   The process is running with CompressedOops enabled, and the Java Heap may be blocking the growth of the native heap
# Possible solutions:
#   Reduce memory load on the system
#   Increase physical memory or swap space
#   Check if swap backing store is full
#   Decrease Java heap size (-Xmx/-Xms)
#   Decrease number of Java threads
#   Decrease Java thread stack sizes (-Xss)
#   Set larger code cache with -XX:ReservedCodeCacheSize=
#   JVM is running with Unscaled Compressed Oops mode in which the Java heap is
#     placed in the first 4GB address space. The Java Heap base address is the
#     maximum limit for the native heap growth. Please use -XX:HeapBaseMinAddress
#     to set the Java Heap base and to place the Java Heap above 4GB virtual address.
# This output file may be truncated or incomplete.
#
#  Out of Memory Error (./src/hotspot/share/memory/arena.cpp:197), pid=12592, tid=11196
#
# JRE version: OpenJDK Runtime Environment (11.0.13) (build 11.0.13+0-b1751.21-8125866)
# Java VM: OpenJDK 64-Bit Server VM (11.0.13+0-b1751.21-8125866, mixed mode, tiered, compressed oops, g1 gc, windows-amd64)
# No core dump will be written. Minidumps are not enabled by default on client versions of Windows
#

---------------  S U M M A R Y ------------

Command Line: --add-opens=java.base/java.util=ALL-UNNAMED --add-opens=java.base/java.lang=ALL-UNNAMED --add-opens=java.base/java.lang.invoke=ALL-UNNAMED --add-opens=java.base/java.util=ALL-UNNAMED --add-opens=java.prefs/java.util.prefs=ALL-UNNAMED --add-opens=java.prefs/java.util.prefs=ALL-UNNAMED --add-opens=java.base/java.nio.charset=ALL-UNNAMED --add-opens=java.base/java.net=ALL-UNNAMED --add-opens=java.base/java.util.concurrent.atomic=ALL-UNNAMED -Xmx1024M -Dfile.encoding=windows-1252 -Duser.country=US -Duser.language=en -Duser.variant org.gradle.launcher.daemon.bootstrap.GradleDaemon 7.4

Host: Intel(R) Core(TM) i5-6300U CPU @ 2.40GHz, 4 cores, 7G,  Windows 10 , 64 bit Build 19041 (10.0.19041.2913)
Time: Sun May 21 00:25:27 2023 Pakistan Standard Time elapsed time: 10.559538 seconds (0d 0h 0m 10s)

---------------  T H R E A D  ---------------

Current thread (0x00000235f076c000):  JavaThread "C2 CompilerThread0" daemon [_thread_in_native, id=11196, stack(0x000000b490c00000,0x000000b490d00000)]


Current CompileTask:
C2:  10559 2032   !   4       java.lang.ClassLoader::loadClass (122 bytes)

Stack: [0x000000b490c00000,0x000000b490d00000]
Native frames: (J=compiled Java code, j=interpreted, Vv=VM code, C=native code)
V  [jvm.dll+0x6100fa]
V  [jvm.dll+0x747090]
V  [jvm.dll+0x7486ad]
V  [jvm.dll+0x748d83]
V  [jvm.dll+0x24ab48]
V  [jvm.dll+0xc04dc]
V  [jvm.dll+0xc0a0c]
V  [jvm.dll+0x35eb5b]
V  [jvm.dll+0x32b833]
V  [jvm.dll+0x32ad2a]
V  [jvm.dll+0x2032b2]
V  [jvm.dll+0x202437]
V  [jvm.dll+0x188e01]
V  [jvm.dll+0x21106b]
V  [jvm.dll+0x20f8c1]
V  [jvm.dll+0x70de0f]
V  [jvm.dll+0x706a75]
V  [jvm.dll+0x60ed66]
C  [ucrtbase.dll+0x21bb2]
C  [KERNEL32.DLL+0x17614]
C  [ntdll.dll+0x526a1]


---------------  P R O C E S S  ---------------

Threads class SMR info:
_java_thread_list=0x00000235f16b1140, length=23, elements={
0x00000235d914f000, 0x00000235f0745000, 0x00000235f074f800, 0x00000235f0765000,
0x00000235f0766000, 0x00000235f0766800, 0x00000235f076c000, 0x00000235f078e000,
0x00000235f079e000, 0x00000235f120f800, 0x00000235f22ce800, 0x00000235f35e5800,
0x00000235f1e7c000, 0x00000235f1cbb000, 0x00000235f290f800, 0x00000235f1f78800,
0x00000235f22e1000, 0x00000235f1821000, 0x00000235f4280800, 0x00000235f283b800,
0x00000235f137d800, 0x00000235f137e800, 0x00000235f137f800
}

Java Threads: ( => current thread )
  0x00000235d914f000 JavaThread "main" [_thread_blocked, id=4872, stack(0x000000b490000000,0x000000b490100000)]
  0x00000235f0745000 JavaThread "Reference Handler" daemon [_thread_blocked, id=7100, stack(0x000000b490700000,0x000000b490800000)]
  0x00000235f074f800 JavaThread "Finalizer" daemon [_thread_blocked, id=12956, stack(0x000000b490800000,0x000000b490900000)]
  0x00000235f0765000 JavaThread "Signal Dispatcher" daemon [_thread_blocked, id=14952, stack(0x000000b490900000,0x000000b490a00000)]
  0x00000235f0766000 JavaThread "Attach Listener" daemon [_thread_blocked, id=11348, stack(0x000000b490a00000,0x000000b490b00000)]
  0x00000235f0766800 JavaThread "Service Thread" daemon [_thread_blocked, id=9888, stack(0x000000b490b00000,0x000000b490c00000)]
=>0x00000235f076c000 JavaThread "C2 CompilerThread0" daemon [_thread_in_native, id=11196, stack(0x000000b490c00000,0x000000b490d00000)]
  0x00000235f078e000 JavaThread "C1 CompilerThread0" daemon [_thread_blocked, id=15388, stack(0x000000b490d00000,0x000000b490e00000)]
  0x00000235f079e000 JavaThread "Sweeper thread" daemon [_thread_blocked, id=14256, stack(0x000000b490e00000,0x000000b490f00000)]
  0x00000235f120f800 JavaThread "Common-Cleaner" daemon [_thread_blocked, id=16672, stack(0x000000b490f00000,0x000000b491000000)]
  0x00000235f22ce800 JavaThread "Daemon health stats" [_thread_blocked, id=11660, stack(0x000000b491400000,0x000000b491500000)]
  0x00000235f35e5800 JavaThread "Incoming local TCP Connector on port 53119" [_thread_in_native, id=18436, stack(0x000000b491300000,0x000000b491400000)]
  0x00000235f1e7c000 JavaThread "Daemon periodic checks" [_thread_blocked, id=11176, stack(0x000000b491600000,0x000000b491700000)]
  0x00000235f1cbb000 JavaThread "Daemon" [_thread_blocked, id=17052, stack(0x000000b491700000,0x000000b491800000)]
  0x00000235f290f800 JavaThread "Handler for socket connection from /127.0.0.1:53119 to /127.0.0.1:53122" [_thread_in_native, id=15900, stack(0x000000b491800000,0x000000b491900000)]
  0x00000235f1f78800 JavaThread "Cancel handler" [_thread_blocked, id=19080, stack(0x000000b491900000,0x000000b491a00000)]
  0x00000235f22e1000 JavaThread "Daemon worker" [_thread_in_Java, id=7380, stack(0x000000b491a00000,0x000000b491b00000)]
  0x00000235f1821000 JavaThread "Asynchronous log dispatcher for DefaultDaemonConnection: socket connection from /127.0.0.1:53119 to /127.0.0.1:53122" [_thread_blocked, id=3968, stack(0x000000b491b00000,0x000000b491c00000)]
  0x00000235f4280800 JavaThread "Stdin handler" [_thread_blocked, id=17672, stack(0x000000b491c00000,0x000000b491d00000)]
  0x00000235f283b800 JavaThread "Daemon client event forwarder" [_thread_blocked, id=16092, stack(0x000000b491d00000,0x000000b491e00000)]
  0x00000235f137d800 JavaThread "Cache worker for journal cache (C:\Users\wiz tech\.gradle\caches\journal-1)" [_thread_blocked, id=18412, stack(0x000000b491e00000,0x000000b491f00000)]
  0x00000235f137e800 JavaThread "File lock request listener" [_thread_in_native, id=15816, stack(0x000000b491f00000,0x000000b492000000)]
  0x00000235f137f800 JavaThread "Cache worker for file hash cache (C:\Users\wiz tech\.gradle\caches\7.4\fileHashes)" [_thread_blocked, id=19252, stack(0x000000b492000000,0x000000b492100000)]

Other Threads:
  0x00000235f0740000 VMThread "VM Thread" [stack: 0x000000b490600000,0x000000b490700000] [id=16780]
  0x00000235f123d000 WatcherThread [stack: 0x000000b491000000,0x000000b491100000] [id=8168]
  0x00000235d9169000 GCTaskThread "GC Thread#0" [stack: 0x000000b490100000,0x000000b490200000] [id=3064]
  0x00000235f1970000 GCTaskThread "GC Thread#1" [stack: 0x000000b491100000,0x000000b491200000] [id=18504]
  0x00000235f1c94000 GCTaskThread "GC Thread#2" [stack: 0x000000b491200000,0x000000b491300000] [id=9384]
  0x00000235f2c6e800 GCTaskThread "GC Thread#3" [stack: 0x000000b491500000,0x000000b491600000] [id=3152]
  0x00000235d9182800 ConcurrentGCThread "G1 Main Marker" [stack: 0x000000b490200000,0x000000b490300000] [id=13452]
  0x00000235d9184000 ConcurrentGCThread "G1 Conc#0" [stack: 0x000000b490300000,0x000000b490400000] [id=10456]
  0x00000235d920d000 ConcurrentGCThread "G1 Refine#0" [stack: 0x000000b490400000,0x000000b490500000] [id=15208]
  0x00000235d920e000 ConcurrentGCThread "G1 Young RemSet Sampling" [stack: 0x000000b490500000,0x000000b490600000] [id=18888]

Threads with active compile tasks:
C2 CompilerThread0  10608 2032   !   4       java.lang.ClassLoader::loadClass (122 bytes)

VM state:not at safepoint (normal execution)

VM Mutex/Monitor currently owned by a thread: None

Heap address: 0x00000000c0000000, size: 1024 MB, Compressed Oops mode: 32-bit
Narrow klass base: 0x0000000000000000, Narrow klass shift: 3
Compressed class space size: 1073741824 Address: 0x0000000100000000

Heap:
 garbage-first heap   total 131072K, used 23353K [0x00000000c0000000, 0x0000000100000000)
  region size 1024K, 9 young (9216K), 2 survivors (2048K)
 Metaspace       used 21505K, capacity 21980K, committed 22192K, reserved 1069056K
  class space    used 2622K, capacity 2802K, committed 2816K, reserved 1048576K
Heap Regions: E=young(eden), S=young(survivor), O=old, HS=humongous(starts), HC=humongous(continues), CS=collection set, F=free, A=archive, TAMS=top-at-mark-start (previous, next)
|   0|0x00000000c0000000, 0x00000000c0100000, 0x00000000c0100000|100%|HS|  |TAMS 0x00000000c0100000, 0x00000000c0000000| Complete 
|   1|0x00000000c0100000, 0x00000000c0200000, 0x00000000c0200000|100%|HC|  |TAMS 0x00000000c0200000, 0x00000000c0100000| Complete 
|   2|0x00000000c0200000, 0x00000000c0300000, 0x00000000c0300000|100%|HC|  |TAMS 0x00000000c0300000, 0x00000000c0200000| Complete 
|   3|0x00000000c0300000, 0x00000000c0400000, 0x00000000c0400000|100%| O|  |TAMS 0x00000000c0400000, 0x00000000c0300000| Untracked 
|   4|0x00000000c0400000, 0x00000000c0500000, 0x00000000c0500000|100%| O|  |TAMS 0x00000000c0500000, 0x00000000c0400000| Untracked 
|   5|0x00000000c0500000, 0x00000000c0600000, 0x00000000c0600000|100%| O|  |TAMS 0x00000000c0600000, 0x00000000c0500000| Untracked 
|   6|0x00000000c0600000, 0x00000000c0700000, 0x00000000c0700000|100%| O|  |TAMS 0x00000000c0700000, 0x00000000c0600000| Untracked 
|   7|0x00000000c0700000, 0x00000000c0800000, 0x00000000c0800000|100%| O|  |TAMS 0x00000000c0800000, 0x00000000c0700000| Untracked 
|   8|0x00000000c0800000, 0x00000000c0900000, 0x00000000c0900000|100%| O|  |TAMS 0x00000000c0900000, 0x00000000c0800000| Untracked 
|   9|0x00000000c0900000, 0x00000000c0a00000, 0x00000000c0a00000|100%| O|  |TAMS 0x00000000c0a00000, 0x00000000c0900000| Untracked 
|  10|0x00000000c0a00000, 0x00000000c0b00000, 0x00000000c0b00000|100%| O|  |TAMS 0x00000000c0b00000, 0x00000000c0a00000| Untracked 
|  11|0x00000000c0b00000, 0x00000000c0c00000, 0x00000000c0c00000|100%| O|  |TAMS 0x00000000c0c00000, 0x00000000c0b00000| Untracked 
|  12|0x00000000c0c00000, 0x00000000c0d00000, 0x00000000c0d00000|100%| O|  |TAMS 0x00000000c0d00000, 0x00000000c0c00000| Untracked 
|  13|0x00000000c0d00000, 0x00000000c0e00000, 0x00000000c0e00000|100%| O|  |TAMS 0x00000000c0e00000, 0x00000000c0d00000| Untracked 
|  14|0x00000000c0e00000, 0x00000000c0f00000, 0x00000000c0f00000|100%| O|  |TAMS 0x00000000c0f00000, 0x00000000c0e00000| Untracked 
|  15|0x00000000c0f00000, 0x00000000c0f23000, 0x00000000c1000000| 13%| O|  |TAMS 0x00000000c0f23000, 0x00000000c0f00000| Untracked 
|  16|0x00000000c1000000, 0x00000000c1000000, 0x00000000c1100000|  0%| F|  |TAMS 0x00000000c1000000, 0x00000000c1000000| Untracked 
|  17|0x00000000c1100000, 0x00000000c1100000, 0x00000000c1200000|  0%| F|  |TAMS 0x00000000c1100000, 0x00000000c1100000| Untracked 
|  18|0x00000000c1200000, 0x00000000c1200000, 0x00000000c1300000|  0%| F|  |TAMS 0x00000000c1200000, 0x00000000c1200000| Untracked 
|  19|0x00000000c1300000, 0x00000000c1300000, 0x00000000c1400000|  0%| F|  |TAMS 0x00000000c1300000, 0x00000000c1300000| Untracked 
|  20|0x00000000c1400000, 0x00000000c1400000, 0x00000000c1500000|  0%| F|  |TAMS 0x00000000c1400000, 0x00000000c1400000| Untracked 
|  21|0x00000000c1500000, 0x00000000c1500000, 0x00000000c1600000|  0%| F|  |TAMS 0x00000000c1500000, 0x00000000c1500000| Untracked 
|  22|0x00000000c1600000, 0x00000000c1600000, 0x00000000c1700000|  0%| F|  |TAMS 0x00000000c1600000, 0x00000000c1600000| Untracked 
|  23|0x00000000c1700000, 0x00000000c1700000, 0x00000000c1800000|  0%| F|  |TAMS 0x00000000c1700000, 0x00000000c1700000| Untracked 
|  24|0x00000000c1800000, 0x00000000c1800000, 0x00000000c1900000|  0%| F|  |TAMS 0x00000000c1800000, 0x00000000c1800000| Untracked 
|  25|0x00000000c1900000, 0x00000000c1900000, 0x00000000c1a00000|  0%| F|  |TAMS 0x00000000c1900000, 0x00000000c1900000| Untracked 
|  26|0x00000000c1a00000, 0x00000000c1a00000, 0x00000000c1b00000|  0%| F|  |TAMS 0x00000000c1a00000, 0x00000000c1a00000| Untracked 
|  27|0x00000000c1b00000, 0x00000000c1b00000, 0x00000000c1c00000|  0%| F|  |TAMS 0x00000000c1b00000, 0x00000000c1b00000| Untracked 
|  28|0x00000000c1c00000, 0x00000000c1c00000, 0x00000000c1d00000|  0%| F|  |TAMS 0x00000000c1c00000, 0x00000000c1c00000| Untracked 
|  29|0x00000000c1d00000, 0x00000000c1d00000, 0x00000000c1e00000|  0%| F|  |TAMS 0x00000000c1d00000, 0x00000000c1d00000| Untracked 
|  30|0x00000000c1e00000, 0x00000000c1e00000, 0x00000000c1f00000|  0%| F|  |TAMS 0x00000000c1e00000, 0x00000000c1e00000| Untracked 
|  31|0x00000000c1f00000, 0x00000000c1f00000, 0x00000000c2000000|  0%| F|  |TAMS 0x00000000c1f00000, 0x00000000c1f00000| Untracked 
|  32|0x00000000c2000000, 0x00000000c2000000, 0x00000000c2100000|  0%| F|  |TAMS 0x00000000c2000000, 0x00000000c2000000| Untracked 
|  33|0x00000000c2100000, 0x00000000c2100000, 0x00000000c2200000|  0%| F|  |TAMS 0x00000000c2100000, 0x00000000c2100000| Untracked 
|  34|0x00000000c2200000, 0x00000000c2200000, 0x00000000c2300000|  0%| F|  |TAMS 0x00000000c2200000, 0x00000000c2200000| Untracked 
|  35|0x00000000c2300000, 0x00000000c2300000, 0x00000000c2400000|  0%| F|  |TAMS 0x00000000c2300000, 0x00000000c2300000| Untracked 
|  36|0x00000000c2400000, 0x00000000c2400000, 0x00000000c2500000|  0%| F|  |TAMS 0x00000000c2400000, 0x00000000c2400000| Untracked 
|  37|0x00000000c2500000, 0x00000000c2500000, 0x00000000c2600000|  0%| F|  |TAMS 0x00000000c2500000, 0x00000000c2500000| Untracked 
|  38|0x00000000c2600000, 0x00000000c2600000, 0x00000000c2700000|  0%| F|  |TAMS 0x00000000c2600000, 0x00000000c2600000| Untracked 
|  39|0x00000000c2700000, 0x00000000c2700000, 0x00000000c2800000|  0%| F|  |TAMS 0x00000000c2700000, 0x00000000c2700000| Untracked 
|  40|0x00000000c2800000, 0x00000000c2800000, 0x00000000c2900000|  0%| F|  |TAMS 0x00000000c2800000, 0x00000000c2800000| Untracked 
|  41|0x00000000c2900000, 0x00000000c2900000, 0x00000000c2a00000|  0%| F|  |TAMS 0x00000000c2900000, 0x00000000c2900000| Untracked 
|  42|0x00000000c2a00000, 0x00000000c2a00000, 0x00000000c2b00000|  0%| F|  |TAMS 0x00000000c2a00000, 0x00000000c2a00000| Untracked 
|  43|0x00000000c2b00000, 0x00000000c2b00000, 0x00000000c2c00000|  0%| F|  |TAMS 0x00000000c2b00000, 0x00000000c2b00000| Untracked 
|  44|0x00000000c2c00000, 0x00000000c2c00000, 0x00000000c2d00000|  0%| F|  |TAMS 0x00000000c2c00000, 0x00000000c2c00000| Untracked 
|  45|0x00000000c2d00000, 0x00000000c2d00000, 0x00000000c2e00000|  0%| F|  |TAMS 0x00000000c2d00000, 0x00000000c2d00000| Untracked 
|  46|0x00000000c2e00000, 0x00000000c2e00000, 0x00000000c2f00000|  0%| F|  |TAMS 0x00000000c2e00000, 0x00000000c2e00000| Untracked 
|  47|0x00000000c2f00000, 0x00000000c2f00000, 0x00000000c3000000|  0%| F|  |TAMS 0x00000000c2f00000, 0x00000000c2f00000| Untracked 
|  48|0x00000000c3000000, 0x00000000c3000000, 0x00000000c3100000|  0%| F|  |TAMS 0x00000000c3000000, 0x00000000c3000000| Untracked 
|  49|0x00000000c3100000, 0x00000000c3100000, 0x00000000c3200000|  0%| F|  |TAMS 0x00000000c3100000, 0x00000000c3100000| Untracked 
|  50|0x00000000c3200000, 0x00000000c3200000, 0x00000000c3300000|  0%| F|  |TAMS 0x00000000c3200000, 0x00000000c3200000| Untracked 
|  51|0x00000000c3300000, 0x00000000c3300000, 0x00000000c3400000|  0%| F|  |TAMS 0x00000000c3300000, 0x00000000c3300000| Untracked 
|  52|0x00000000c3400000, 0x00000000c3400000, 0x00000000c3500000|  0%| F|  |TAMS 0x00000000c3400000, 0x00000000c3400000| Untracked 
|  53|0x00000000c3500000, 0x00000000c3500000, 0x00000000c3600000|  0%| F|  |TAMS 0x00000000c3500000, 0x00000000c3500000| Untracked 
|  54|0x00000000c3600000, 0x00000000c3600000, 0x00000000c3700000|  0%| F|  |TAMS 0x00000000c3600000, 0x00000000c3600000| Untracked 
|  55|0x00000000c3700000, 0x00000000c3700000, 0x00000000c3800000|  0%| F|  |TAMS 0x00000000c3700000, 0x00000000c3700000| Untracked 
|  56|0x00000000c3800000, 0x00000000c3800000, 0x00000000c3900000|  0%| F|  |TAMS 0x00000000c3800000, 0x00000000c3800000| Untracked 
|  57|0x00000000c3900000, 0x00000000c3900000, 0x00000000c3a00000|  0%| F|  |TAMS 0x00000000c3900000, 0x00000000c3900000| Untracked 
|  58|0x00000000c3a00000, 0x00000000c3a00000, 0x00000000c3b00000|  0%| F|  |TAMS 0x00000000c3a00000, 0x00000000c3a00000| Untracked 
|  59|0x00000000c3b00000, 0x00000000c3b00000, 0x00000000c3c00000|  0%| F|  |TAMS 0x00000000c3b00000, 0x00000000c3b00000| Untracked 
|  60|0x00000000c3c00000, 0x00000000c3c00000, 0x00000000c3d00000|  0%| F|  |TAMS 0x00000000c3c00000, 0x00000000c3c00000| Untracked 
|  61|0x00000000c3d00000, 0x00000000c3d00000, 0x00000000c3e00000|  0%| F|  |TAMS 0x00000000c3d00000, 0x00000000c3d00000| Untracked 
|  62|0x00000000c3e00000, 0x00000000c3e00000, 0x00000000c3f00000|  0%| F|  |TAMS 0x00000000c3e00000, 0x00000000c3e00000| Untracked 
|  63|0x00000000c3f00000, 0x00000000c3f00000, 0x00000000c4000000|  0%| F|  |TAMS 0x00000000c3f00000, 0x00000000c3f00000| Untracked 
|  64|0x00000000c4000000, 0x00000000c4000000, 0x00000000c4100000|  0%| F|  |TAMS 0x00000000c4000000, 0x00000000c4000000| Untracked 
|  65|0x00000000c4100000, 0x00000000c4100000, 0x00000000c4200000|  0%| F|  |TAMS 0x00000000c4100000, 0x00000000c4100000| Untracked 
|  66|0x00000000c4200000, 0x00000000c4200000, 0x00000000c4300000|  0%| F|  |TAMS 0x00000000c4200000, 0x00000000c4200000| Untracked 
|  67|0x00000000c4300000, 0x00000000c4300000, 0x00000000c4400000|  0%| F|  |TAMS 0x00000000c4300000, 0x00000000c4300000| Untracked 
|  68|0x00000000c4400000, 0x00000000c4400000, 0x00000000c4500000|  0%| F|  |TAMS 0x00000000c4400000, 0x00000000c4400000| Untracked 
|  69|0x00000000c4500000, 0x00000000c4500000, 0x00000000c4600000|  0%| F|  |TAMS 0x00000000c4500000, 0x00000000c4500000| Untracked 
|  70|0x00000000c4600000, 0x00000000c4600000, 0x00000000c4700000|  0%| F|  |TAMS 0x00000000c4600000, 0x00000000c4600000| Untracked 
|  71|0x00000000c4700000, 0x00000000c4700000, 0x00000000c4800000|  0%| F|  |TAMS 0x00000000c4700000, 0x00000000c4700000| Untracked 
|  72|0x00000000c4800000, 0x00000000c4800000, 0x00000000c4900000|  0%| F|  |TAMS 0x00000000c4800000, 0x00000000c4800000| Untracked 
|  73|0x00000000c4900000, 0x00000000c4900000, 0x00000000c4a00000|  0%| F|  |TAMS 0x00000000c4900000, 0x00000000c4900000| Untracked 
|  74|0x00000000c4a00000, 0x00000000c4a00000, 0x00000000c4b00000|  0%| F|  |TAMS 0x00000000c4a00000, 0x00000000c4a00000| Untracked 
|  75|0x00000000c4b00000, 0x00000000c4b00000, 0x00000000c4c00000|  0%| F|  |TAMS 0x00000000c4b00000, 0x00000000c4b00000| Untracked 
|  76|0x00000000c4c00000, 0x00000000c4c00000, 0x00000000c4d00000|  0%| F|  |TAMS 0x00000000c4c00000, 0x00000000c4c00000| Untracked 
|  77|0x00000000c4d00000, 0x00000000c4d00000, 0x00000000c4e00000|  0%| F|  |TAMS 0x00000000c4d00000, 0x00000000c4d00000| Untracked 
|  78|0x00000000c4e00000, 0x00000000c4e00000, 0x00000000c4f00000|  0%| F|  |TAMS 0x00000000c4e00000, 0x00000000c4e00000| Untracked 
|  79|0x00000000c4f00000, 0x00000000c4f00000, 0x00000000c5000000|  0%| F|  |TAMS 0x00000000c4f00000, 0x00000000c4f00000| Untracked 
|  80|0x00000000c5000000, 0x00000000c5000000, 0x00000000c5100000|  0%| F|  |TAMS 0x00000000c5000000, 0x00000000c5000000| Untracked 
|  81|0x00000000c5100000, 0x00000000c5100000, 0x00000000c5200000|  0%| F|  |TAMS 0x00000000c5100000, 0x00000000c5100000| Untracked 
|  82|0x00000000c5200000, 0x00000000c5200000, 0x00000000c5300000|  0%| F|  |TAMS 0x00000000c5200000, 0x00000000c5200000| Untracked 
|  83|0x00000000c5300000, 0x00000000c5300000, 0x00000000c5400000|  0%| F|  |TAMS 0x00000000c5300000, 0x00000000c5300000| Untracked 
|  84|0x00000000c5400000, 0x00000000c5400000, 0x00000000c5500000|  0%| F|  |TAMS 0x00000000c5400000, 0x00000000c5400000| Untracked 
|  85|0x00000000c5500000, 0x00000000c5500000, 0x00000000c5600000|  0%| F|  |TAMS 0x00000000c5500000, 0x00000000c5500000| Untracked 
|  86|0x00000000c5600000, 0x00000000c5600000, 0x00000000c5700000|  0%| F|  |TAMS 0x00000000c5600000, 0x00000000c5600000| Untracked 
|  87|0x00000000c5700000, 0x00000000c5700000, 0x00000000c5800000|  0%| F|  |TAMS 0x00000000c5700000, 0x00000000c5700000| Untracked 
|  88|0x00000000c5800000, 0x00000000c5800000, 0x00000000c5900000|  0%| F|  |TAMS 0x00000000c5800000, 0x00000000c5800000| Untracked 
|  89|0x00000000c5900000, 0x00000000c5900000, 0x00000000c5a00000|  0%| F|  |TAMS 0x00000000c5900000, 0x00000000c5900000| Untracked 
|  90|0x00000000c5a00000, 0x00000000c5a00000, 0x00000000c5b00000|  0%| F|  |TAMS 0x00000000c5a00000, 0x00000000c5a00000| Untracked 
|  91|0x00000000c5b00000, 0x00000000c5b00000, 0x00000000c5c00000|  0%| F|  |TAMS 0x00000000c5b00000, 0x00000000c5b00000| Untracked 
|  92|0x00000000c5c00000, 0x00000000c5c00000, 0x00000000c5d00000|  0%| F|  |TAMS 0x00000000c5c00000, 0x00000000c5c00000| Untracked 
|  93|0x00000000c5d00000, 0x00000000c5d00000, 0x00000000c5e00000|  0%| F|  |TAMS 0x00000000c5d00000, 0x00000000c5d00000| Untracked 
|  94|0x00000000c5e00000, 0x00000000c5e00000, 0x00000000c5f00000|  0%| F|  |TAMS 0x00000000c5e00000, 0x00000000c5e00000| Untracked 
|  95|0x00000000c5f00000, 0x00000000c5f00000, 0x00000000c6000000|  0%| F|  |TAMS 0x00000000c5f00000, 0x00000000c5f00000| Untracked 
|  96|0x00000000c6000000, 0x00000000c6000000, 0x00000000c6100000|  0%| F|  |TAMS 0x00000000c6000000, 0x00000000c6000000| Untracked 
|  97|0x00000000c6100000, 0x00000000c6100000, 0x00000000c6200000|  0%| F|  |TAMS 0x00000000c6100000, 0x00000000c6100000| Untracked 
|  98|0x00000000c6200000, 0x00000000c6200000, 0x00000000c6300000|  0%| F|  |TAMS 0x00000000c6200000, 0x00000000c6200000| Untracked 
|  99|0x00000000c6300000, 0x00000000c6300000, 0x00000000c6400000|  0%| F|  |TAMS 0x00000000c6300000, 0x00000000c6300000| Untracked 
| 100|0x00000000c6400000, 0x00000000c6400000, 0x00000000c6500000|  0%| F|  |TAMS 0x00000000c6400000, 0x00000000c6400000| Untracked 
| 101|0x00000000c6500000, 0x00000000c6500000, 0x00000000c6600000|  0%| F|  |TAMS 0x00000000c6500000, 0x00000000c6500000| Untracked 
| 102|0x00000000c6600000, 0x00000000c6600000, 0x00000000c6700000|  0%| F|  |TAMS 0x00000000c6600000, 0x00000000c6600000| Untracked 
| 103|0x00000000c6700000, 0x00000000c6700000, 0x00000000c6800000|  0%| F|  |TAMS 0x00000000c6700000, 0x00000000c6700000| Untracked 
| 104|0x00000000c6800000, 0x00000000c6800000, 0x00000000c6900000|  0%| F|  |TAMS 0x00000000c6800000, 0x00000000c6800000| Untracked 
| 105|0x00000000c6900000, 0x00000000c6900000, 0x00000000c6a00000|  0%| F|  |TAMS 0x00000000c6900000, 0x00000000c6900000| Untracked 
| 106|0x00000000c6a00000, 0x00000000c6a00000, 0x00000000c6b00000|  0%| F|  |TAMS 0x00000000c6a00000, 0x00000000c6a00000| Untracked 
| 107|0x00000000c6b00000, 0x00000000c6b00000, 0x00000000c6c00000|  0%| F|  |TAMS 0x00000000c6b00000, 0x00000000c6b00000| Untracked 
| 108|0x00000000c6c00000, 0x00000000c6c00000, 0x00000000c6d00000|  0%| F|  |TAMS 0x00000000c6c00000, 0x00000000c6c00000| Untracked 
| 109|0x00000000c6d00000, 0x00000000c6d00000, 0x00000000c6e00000|  0%| F|  |TAMS 0x00000000c6d00000, 0x00000000c6d00000| Untracked 
| 110|0x00000000c6e00000, 0x00000000c6e00000, 0x00000000c6f00000|  0%| F|  |TAMS 0x00000000c6e00000, 0x00000000c6e00000| Untracked 
| 111|0x00000000c6f00000, 0x00000000c6f00000, 0x00000000c7000000|  0%| F|  |TAMS 0x00000000c6f00000, 0x00000000c6f00000| Untracked 
| 112|0x00000000c7000000, 0x00000000c7000000, 0x00000000c7100000|  0%| F|  |TAMS 0x00000000c7000000, 0x00000000c7000000| Untracked 
| 113|0x00000000c7100000, 0x00000000c7100000, 0x00000000c7200000|  0%| F|  |TAMS 0x00000000c7100000, 0x00000000c7100000| Untracked 
| 114|0x00000000c7200000, 0x00000000c7200000, 0x00000000c7300000|  0%| F|  |TAMS 0x00000000c7200000, 0x00000000c7200000| Untracked 
| 115|0x00000000c7300000, 0x00000000c7300000, 0x00000000c7400000|  0%| F|  |TAMS 0x00000000c7300000, 0x00000000c7300000| Untracked 
| 116|0x00000000c7400000, 0x00000000c7400000, 0x00000000c7500000|  0%| F|  |TAMS 0x00000000c7400000, 0x00000000c7400000| Untracked 
| 117|0x00000000c7500000, 0x00000000c75ab5c0, 0x00000000c7600000| 66%| S|CS|TAMS 0x00000000c7500000, 0x00000000c7500000| Complete 
| 118|0x00000000c7600000, 0x00000000c7700000, 0x00000000c7700000|100%| S|CS|TAMS 0x00000000c7600000, 0x00000000c7600000| Complete 
| 119|0x00000000c7700000, 0x00000000c7700000, 0x00000000c7800000|  0%| F|  |TAMS 0x00000000c7700000, 0x00000000c7700000| Untracked 
| 120|0x00000000c7800000, 0x00000000c7800000, 0x00000000c7900000|  0%| F|  |TAMS 0x00000000c7800000, 0x00000000c7800000| Untracked 
| 121|0x00000000c7900000, 0x00000000c7980800, 0x00000000c7a00000| 50%| E|  |TAMS 0x00000000c7900000, 0x00000000c7900000| Complete 
| 122|0x00000000c7a00000, 0x00000000c7b00000, 0x00000000c7b00000|100%| E|CS|TAMS 0x00000000c7a00000, 0x00000000c7a00000| Complete 
| 123|0x00000000c7b00000, 0x00000000c7c00000, 0x00000000c7c00000|100%| E|CS|TAMS 0x00000000c7b00000, 0x00000000c7b00000| Complete 
| 124|0x00000000c7c00000, 0x00000000c7d00000, 0x00000000c7d00000|100%| E|CS|TAMS 0x00000000c7c00000, 0x00000000c7c00000| Complete 
| 125|0x00000000c7d00000, 0x00000000c7e00000, 0x00000000c7e00000|100%| E|CS|TAMS 0x00000000c7d00000, 0x00000000c7d00000| Complete 
| 126|0x00000000c7e00000, 0x00000000c7f00000, 0x00000000c7f00000|100%| E|CS|TAMS 0x00000000c7e00000, 0x00000000c7e00000| Complete 
| 127|0x00000000c7f00000, 0x00000000c8000000, 0x00000000c8000000|100%| E|CS|TAMS 0x00000000c7f00000, 0x00000000c7f00000| Complete 

Card table byte_map: [0x00000235ebe70000,0x00000235ec070000] _byte_map_base: 0x00000235eb870000

Marking Bits (Prev, Next): (CMBitMap*) 0x00000235d917de70, (CMBitMap*) 0x00000235d917de38
 Prev Bits: [0x00000235ed270000, 0x00000235ee270000)
 Next Bits: [0x00000235ec270000, 0x00000235ed270000)

Polling page: 0x00000235d7170000

Metaspace:

Usage:
  Non-class:     18.73 MB capacity,    18.44 MB ( 98%) used,   258.13 KB (  1%) free+waste,    36.88 KB ( <1%) overhead. 
      Class:      2.74 MB capacity,     2.56 MB ( 94%) used,   161.28 KB (  6%) free+waste,    18.13 KB ( <1%) overhead. 
       Both:     21.46 MB capacity,    21.00 MB ( 98%) used,   419.41 KB (  2%) free+waste,    55.00 KB ( <1%) overhead. 

Virtual space:
  Non-class space:       20.00 MB reserved,      18.92 MB ( 95%) committed 
      Class space:        1.00 GB reserved,       2.75 MB ( <1%) committed 
             Both:        1.02 GB reserved,      21.67 MB (  2%) committed 

Chunk freelists:
   Non-Class:  22.00 KB
       Class:  14.00 KB
        Both:  36.00 KB

MaxMetaspaceSize: 17179869184.00 GB
CompressedClassSpaceSize: 1.00 GB
Initial GC threshold: 20.80 MB
Current GC threshold: 35.08 MB
CDS: off

CodeHeap 'non-profiled nmethods': size=120064Kb used=1040Kb max_used=1040Kb free=119023Kb
 bounds [0x00000235e4730000, 0x00000235e49a0000, 0x00000235ebc70000]
CodeHeap 'profiled nmethods': size=120000Kb used=4411Kb max_used=4411Kb free=115588Kb
 bounds [0x00000235dd200000, 0x00000235dd650000, 0x00000235e4730000]
CodeHeap 'non-nmethods': size=5696Kb used=1208Kb max_used=1226Kb free=4487Kb
 bounds [0x00000235dcc70000, 0x00000235dcee0000, 0x00000235dd200000]
 total_blobs=2538 nmethods=2059 adapters=391
 compilation: enabled
              stopped_count=0, restarted_count=0
 full_count=0

Compilation events (20 events):
Event: 10.421 Thread 0x00000235f078e000 nmethod 2043 0x00000235dd641590 code [0x00000235dd641760, 0x00000235dd641948]
Event: 10.422 Thread 0x00000235f078e000 2044       3       java.util.Collections::emptySet (4 bytes)
Event: 10.422 Thread 0x00000235f078e000 nmethod 2044 0x00000235dd641a10 code [0x00000235dd641bc0, 0x00000235dd641cb8]
Event: 10.424 Thread 0x00000235f078e000 2045       3       java.util.Collections$EmptySet::iterator (4 bytes)
Event: 10.425 Thread 0x00000235f078e000 nmethod 2045 0x00000235dd641d10 code [0x00000235dd641ec0, 0x00000235dd642018]
Event: 10.425 Thread 0x00000235f078e000 2046       3       jdk.internal.reflect.ReflectionFactory::inflationThreshold (4 bytes)
Event: 10.425 Thread 0x00000235f078e000 nmethod 2046 0x00000235dd642110 code [0x00000235dd6422c0, 0x00000235dd6423b8]
Event: 10.428 Thread 0x00000235f078e000 2047       3       java.lang.StringBuilder::append (8 bytes)
Event: 10.429 Thread 0x00000235f078e000 nmethod 2047 0x00000235dd642410 code [0x00000235dd6425c0, 0x00000235dd642708]
Event: 10.429 Thread 0x00000235f078e000 2048       3       java.lang.AbstractStringBuilder::append (54 bytes)
Event: 10.429 Thread 0x00000235f078e000 nmethod 2048 0x00000235dd642790 code [0x00000235dd6429c0, 0x00000235dd643288]
Event: 10.496 Thread 0x00000235f078e000 2049       3       java.util.concurrent.locks.ReentrantLock::unlock (10 bytes)
Event: 10.496 Thread 0x00000235f078e000 nmethod 2049 0x00000235dd643410 code [0x00000235dd6435e0, 0x00000235dd643918]
Event: 10.498 Thread 0x00000235f078e000 2050       3       java.util.Collections$EmptyMap::entrySet (4 bytes)
Event: 10.498 Thread 0x00000235f078e000 nmethod 2050 0x00000235dd643a90 code [0x00000235dd643c40, 0x00000235dd643d98]
Event: 10.548 Thread 0x00000235f078e000 2053       3       jdk.internal.org.objectweb.asm.MethodWriter::visitEnd (1 bytes)
Event: 10.548 Thread 0x00000235f078e000 nmethod 2053 0x00000235dd643e90 code [0x00000235dd644040, 0x00000235dd644138]
Event: 10.549 Thread 0x00000235f078e000 2054       3       jdk.internal.org.objectweb.asm.MethodWriter::getSize (838 bytes)
Event: 10.552 Thread 0x00000235f078e000 nmethod 2054 0x00000235dd644210 code [0x00000235dd6446c0, 0x00000235dd6465a8]
Event: 10.552 Thread 0x00000235f078e000 2055       3       jdk.internal.org.objectweb.asm.MethodWriter::put (1602 bytes)

GC Heap History (8 events):
Event: 1.696 GC heap before
{Heap before GC invocations=0 (full 0):
 garbage-first heap   total 131072K, used 16384K [0x00000000c0000000, 0x0000000100000000)
  region size 1024K, 14 young (14336K), 0 survivors (0K)
 Metaspace       used 6797K, capacity 7001K, committed 7168K, reserved 1056768K
  class space    used 576K, capacity 650K, committed 768K, reserved 1048576K
}
Event: 1.720 GC heap after
{Heap after GC invocations=1 (full 0):
 garbage-first heap   total 131072K, used 4023K [0x00000000c0000000, 0x0000000100000000)
  region size 1024K, 2 young (2048K), 2 survivors (2048K)
 Metaspace       used 6797K, capacity 7001K, committed 7168K, reserved 1056768K
  class space    used 576K, capacity 650K, committed 768K, reserved 1048576K
}
Event: 8.349 GC heap before
{Heap before GC invocations=1 (full 0):
 garbage-first heap   total 131072K, used 82871K [0x00000000c0000000, 0x0000000100000000)
  region size 1024K, 76 young (77824K), 2 survivors (2048K)
 Metaspace       used 16124K, capacity 16459K, committed 16640K, reserved 1064960K
  class space    used 1809K, capacity 1933K, committed 2048K, reserved 1048576K
}
Event: 8.386 GC heap after
{Heap after GC invocations=2 (full 0):
 garbage-first heap   total 131072K, used 15537K [0x00000000c0000000, 0x0000000100000000)
  region size 1024K, 10 young (10240K), 10 survivors (10240K)
 Metaspace       used 16124K, capacity 16459K, committed 16640K, reserved 1064960K
  class space    used 1809K, capacity 1933K, committed 2048K, reserved 1048576K
}
Event: 9.673 GC heap before
{Heap before GC invocations=2 (full 0):
 garbage-first heap   total 131072K, used 41137K [0x00000000c0000000, 0x0000000100000000)
  region size 1024K, 35 young (35840K), 10 survivors (10240K)
 Metaspace       used 19426K, capacity 19858K, committed 19968K, reserved 1067008K
  class space    used 2321K, capacity 2472K, committed 2560K, reserved 1048576K
}
Event: 9.685 GC heap after
{Heap after GC invocations=3 (full 0):
 garbage-first heap   total 131072K, used 17044K [0x00000000c0000000, 0x0000000100000000)
  region size 1024K, 2 young (2048K), 2 survivors (2048K)
 Metaspace       used 19426K, capacity 19858K, committed 19968K, reserved 1067008K
  class space    used 2321K, capacity 2472K, committed 2560K, reserved 1048576K
}
Event: 10.252 GC heap before
{Heap before GC invocations=3 (full 0):
 garbage-first heap   total 131072K, used 25236K [0x00000000c0000000, 0x0000000100000000)
  region size 1024K, 11 young (11264K), 2 survivors (2048K)
 Metaspace       used 20745K, capacity 21170K, committed 21296K, reserved 1069056K
  class space    used 2482K, capacity 2658K, committed 2688K, reserved 1048576K
}
Event: 10.259 GC heap after
{Heap after GC invocations=4 (full 0):
 garbage-first heap   total 131072K, used 17209K [0x00000000c0000000, 0x0000000100000000)
  region size 1024K, 2 young (2048K), 2 survivors (2048K)
 Metaspace       used 20745K, capacity 21170K, committed 21296K, reserved 1069056K
  class space    used 2482K, capacity 2658K, committed 2688K, reserved 1048576K
}

Deoptimization events (20 events):
Event: 10.115 Thread 0x00000235f22e1000 Uncommon trap: trap_request=0xffffffc6 fr.pc=0x00000235e47b16a4 relative=0x0000000000000084
Event: 10.115 Thread 0x00000235f22e1000 Uncommon trap: reason=bimorphic_or_optimized_type_check action=maybe_recompile pc=0x00000235e47b16a4 method=java.util.AbstractList$Itr.hasNext()Z @ 8 c2
Event: 10.115 Thread 0x00000235f22e1000 DEOPT PACKING pc=0x00000235e47b16a4 sp=0x000000b491afaab0
Event: 10.115 Thread 0x00000235f22e1000 DEOPT UNPACKING pc=0x00000235dccba1af sp=0x000000b491afaa48 mode 2
Event: 10.115 Thread 0x00000235f22e1000 Uncommon trap: trap_request=0xffffffc6 fr.pc=0x00000235e47b4ff4 relative=0x0000000000000134
Event: 10.115 Thread 0x00000235f22e1000 Uncommon trap: reason=bimorphic_or_optimized_type_check action=maybe_recompile pc=0x00000235e47b4ff4 method=java.util.AbstractList$Itr.next()Ljava/lang/Object; @ 14 c2
Event: 10.115 Thread 0x00000235f22e1000 DEOPT PACKING pc=0x00000235e47b4ff4 sp=0x000000b491afaaa0
Event: 10.115 Thread 0x00000235f22e1000 DEOPT UNPACKING pc=0x00000235dccba1af sp=0x000000b491afaa38 mode 2
Event: 10.117 Thread 0x00000235f22e1000 Uncommon trap: trap_request=0xffffff4d fr.pc=0x00000235e47aa304 relative=0x00000000000005c4
Event: 10.117 Thread 0x00000235f22e1000 Uncommon trap: reason=unstable_if action=reinterpret pc=0x00000235e47aa304 method=java.io.File.getName()Ljava/lang/String; @ 16 c2
Event: 10.117 Thread 0x00000235f22e1000 DEOPT PACKING pc=0x00000235e47aa304 sp=0x000000b491afb480
Event: 10.117 Thread 0x00000235f22e1000 DEOPT UNPACKING pc=0x00000235dccba1af sp=0x000000b491afb450 mode 2
Event: 10.117 Thread 0x00000235f22e1000 Uncommon trap: trap_request=0xffffff4d fr.pc=0x00000235e47a81b4 relative=0x0000000000000474
Event: 10.117 Thread 0x00000235f22e1000 Uncommon trap: reason=unstable_if action=reinterpret pc=0x00000235e47a81b4 method=java.lang.String.substring(I)Ljava/lang/String; @ 34 c2
Event: 10.117 Thread 0x00000235f22e1000 DEOPT PACKING pc=0x00000235e47a81b4 sp=0x000000b491afb400
Event: 10.117 Thread 0x00000235f22e1000 DEOPT UNPACKING pc=0x00000235dccba1af sp=0x000000b491afb3d8 mode 2
Event: 10.548 Thread 0x00000235f22e1000 Uncommon trap: trap_request=0xffffff4d fr.pc=0x00000235e4825598 relative=0x0000000000000398
Event: 10.548 Thread 0x00000235f22e1000 Uncommon trap: reason=unstable_if action=reinterpret pc=0x00000235e4825598 method=jdk.internal.org.objectweb.asm.Type.getArgumentsAndReturnSizes(Ljava/lang/String;)I @ 88 c2
Event: 10.548 Thread 0x00000235f22e1000 DEOPT PACKING pc=0x00000235e4825598 sp=0x000000b491af99d0
Event: 10.548 Thread 0x00000235f22e1000 DEOPT UNPACKING pc=0x00000235dccba1af sp=0x000000b491af9958 mode 2

Classes redefined (0 events):
No events

Internal exceptions (20 events):
Event: 0.782 Thread 0x00000235d914f000 Exception <a 'java/lang/NoSuchMethodError'{0x00000000c7c1d010}: 'int java.lang.invoke.DirectMethodHandle$Holder.invokeSpecialIFC(java.lang.Object, java.lang.Object, int)'> (0x00000000c7c1d010) thrown at [./src/hotspot/share/interpreter/linkResolver.cpp, line 773]
Event: 1.794 Thread 0x00000235d914f000 Exception <a 'java/lang/NoClassDefFoundError'{0x00000000c7e8f360}: org/slf4j/impl/StaticMarkerBinder> (0x00000000c7e8f360) thrown at [./src/hotspot/share/classfile/systemDictionary.cpp, line 220]
Event: 2.036 Thread 0x00000235d914f000 Exception <a 'java/lang/NoSuchMethodError'{0x00000000c7a001a0}: 'java.lang.Object java.lang.invoke.DirectMethodHandle$Holder.invokeVirtual(java.lang.Object, java.lang.Object, java.lang.Object, java.lang.Object, java.lang.Object, java.lang.Object, java.lang.Object)'> (0x00000000c7a001a0) thrown at [./src/hotspot/share/interpreter/linkResolver.cpp, line 773]
Event: 2.052 Thread 0x00000235d914f000 Exception <a 'java/lang/NoSuchMethodError'{0x00000000c7a148a8}: 'java.lang.Object java.lang.invoke.Invokers$Holder.invoker(java.lang.Object, java.lang.Object, java.lang.Object)'> (0x00000000c7a148a8) thrown at [./src/hotspot/share/interpreter/linkResolver.cpp, line 773]
Event: 2.061 Thread 0x00000235d914f000 Exception <a 'java/lang/NoSuchMethodError'{0x00000000c7a25920}: 'void java.lang.invoke.DelegatingMethodHandle$Holder.delegate(java.lang.Object, java.lang.Object, int, java.lang.Object)'> (0x00000000c7a25920) thrown at [./src/hotspot/share/interpreter/linkResolver.cpp, line 773]
Event: 4.361 Thread 0x00000235d914f000 Exception <a 'java/security/PrivilegedActionException'{0x00000000c4fb3eb8}> (0x00000000c4fb3eb8) thrown at [./src/hotspot/share/prims/jvm.cpp, line 1306]
Event: 4.361 Thread 0x00000235d914f000 Exception <a 'java/security/PrivilegedActionException'{0x00000000c4fb4430}> (0x00000000c4fb4430) thrown at [./src/hotspot/share/prims/jvm.cpp, line 1306]
Event: 5.586 Thread 0x00000235d914f000 Exception <a 'java/lang/NoSuchMethodError'{0x00000000c3da2568}: 'java.lang.Object java.lang.invoke.DirectMethodHandle$Holder.invokeStaticInit(java.lang.Object, java.lang.Object, java.lang.Object)'> (0x00000000c3da2568) thrown at [./src/hotspot/share/interpreter/linkResolver.cpp, line 773]
Event: 6.191 Thread 0x00000235d914f000 Exception <a 'java/lang/NoSuchMethodError'{0x00000000c3628a18}: 'java.lang.Object java.lang.invoke.DirectMethodHandle$Holder.invokeStaticInit(java.lang.Object, int, int, int, int)'> (0x00000000c3628a18) thrown at [./src/hotspot/share/interpreter/linkResolver.cpp, line 773]
Event: 6.971 Thread 0x00000235d914f000 Exception <a 'java/lang/NoSuchMethodError'{0x00000000c36f1ab8}: 'java.lang.Object java.lang.invoke.DirectMethodHandle$Holder.invokeStaticInit(java.lang.Object, java.lang.Object, int, int, int, int)'> (0x00000000c36f1ab8) thrown at [./src/hotspot/share/interpreter/linkResolver.cpp, line 773]
Event: 8.343 Thread 0x00000235d914f000 Exception <a 'java/io/IOException'{0x00000000c34d5258}> (0x00000000c34d5258) thrown at [./src/hotspot/share/prims/jni.cpp, line 616]
Event: 8.930 Thread 0x00000235f22e1000 Exception <a 'java/lang/NoSuchMethodError'{0x00000000c7a73a20}: 'long java.lang.invoke.DirectMethodHandle$Holder.invokeInterface(java.lang.Object, java.lang.Object)'> (0x00000000c7a73a20) thrown at [./src/hotspot/share/interpreter/linkResolver.cpp, line 773]
Event: 8.932 Thread 0x00000235f22e1000 Exception <a 'java/lang/NoSuchMethodError'{0x00000000c7a80d08}: 'void java.lang.invoke.DelegatingMethodHandle$Holder.reinvoke_L(java.lang.Object, java.lang.Object, java.lang.Object, java.lang.Object, java.lang.Object, java.lang.Object, java.lang.Object)'> (0x00000000c7a80d08) thrown at [./src/hotspot/share/interpreter/linkResolver.cpp, line 773]
Event: 9.759 Thread 0x00000235f22e1000 Exception <a 'java/lang/NoSuchMethodError'{0x00000000c7d2dc28}: 'void java.lang.invoke.DirectMethodHandle$Holder.invokeStaticInit(java.lang.Object)'> (0x00000000c7d2dc28) thrown at [./src/hotspot/share/interpreter/linkResolver.cpp, line 773]
Event: 9.796 Thread 0x00000235f22e1000 Exception <a 'java/lang/NoSuchMethodError'{0x00000000c7ddaa78}: 'java.lang.Object java.lang.invoke.DirectMethodHandle$Holder.invokeStatic(java.lang.Object, java.lang.Object, java.lang.Object, int)'> (0x00000000c7ddaa78) thrown at [./src/hotspot/share/interpreter/linkResolver.cpp, line 773]
Event: 9.797 Thread 0x00000235f22e1000 Exception <a 'java/lang/NoSuchMethodError'{0x00000000c7ddf190}: 'java.lang.Object java.lang.invoke.DirectMethodHandle$Holder.invokeSpecial(java.lang.Object, java.lang.Object, java.lang.Object, java.lang.Object, int)'> (0x00000000c7ddf190) thrown at [./src/hotspot/share/interpreter/linkResolver.cpp, line 773]
Event: 9.797 Thread 0x00000235f22e1000 Exception <a 'java/lang/NoSuchMethodError'{0x00000000c7de30c8}: 'java.lang.Object java.lang.invoke.Invokers$Holder.linkToTargetMethod(java.lang.Object, java.lang.Object, int, java.lang.Object)'> (0x00000000c7de30c8) thrown at [./src/hotspot/share/interpreter/linkResolver.cpp, line 773]
Event: 10.299 Thread 0x00000235f22e1000 Exception <a 'java/lang/NoSuchMethodError'{0x00000000c7f6cb88}: 'int java.lang.invoke.DirectMethodHandle$Holder.invokeSpecialIFC(java.lang.Object, java.lang.Object, java.lang.Object, java.lang.Object)'> (0x00000000c7f6cb88) thrown at [./src/hotspot/share/interpreter/linkResolver.cpp, line 773]
Event: 10.302 Thread 0x00000235f22e1000 Exception <a 'java/lang/NoSuchMethodError'{0x00000000c7f7ab40}: 'java.lang.Object java.lang.invoke.DirectMethodHandle$Holder.invokeInterface(java.lang.Object, java.lang.Object, java.lang.Object)'> (0x00000000c7f7ab40) thrown at [./src/hotspot/share/interpreter/linkResolver.cpp, line 773]
Event: 10.302 Thread 0x00000235f22e1000 Exception <a 'java/lang/IncompatibleClassChangeError'{0x00000000c7f7e018}: Found class java.lang.Object, but interface was expected> (0x00000000c7f7e018) thrown at [./src/hotspot/share/interpreter/linkResolver.cpp, line 839]

Events (20 events):
Event: 10.521 loading class org/gradle/api/internal/attributes/DefaultImmutableAttributes
Event: 10.521 loading class org/gradle/api/internal/attributes/DefaultImmutableAttributes done
Event: 10.522 loading class org/gradle/api/internal/attributes/AttributeValue
Event: 10.522 loading class org/gradle/api/internal/attributes/AttributeValue done
Event: 10.546 loading class org/gradle/api/attributes/Attribute
Event: 10.546 loading class org/gradle/api/attributes/Attribute done
Event: 10.547 loading class org/gradle/api/attributes/Attribute
Event: 10.547 loading class org/gradle/api/attributes/Attribute done
Event: 10.549 loading class org/gradle/api/internal/attributes/UsageCompatibilityHandler
Event: 10.549 loading class org/gradle/api/internal/attributes/UsageCompatibilityHandler done
Event: 10.550 loading class org/gradle/api/internal/artifacts/dsl/CapabilityNotationParserFactory
Event: 10.550 loading class org/gradle/api/internal/artifacts/dsl/CapabilityNotationParserFactory done
Event: 10.553 loading class org/gradle/api/capabilities/Capability
Event: 10.553 loading class org/gradle/api/capabilities/Capability done
Event: 10.553 loading class org/gradle/api/internal/artifacts/dsl/CapabilityNotationParserFactory$StringNotationParser
Event: 10.553 loading class org/gradle/api/internal/artifacts/dsl/CapabilityNotationParserFactory$StringNotationParser done
Event: 10.554 loading class org/gradle/api/internal/artifacts/dsl/CapabilityNotationParserFactory$StrictCapabilityMapNotationParser
Event: 10.554 loading class org/gradle/api/internal/artifacts/dsl/CapabilityNotationParserFactory$StrictCapabilityMapNotationParser done
Event: 10.555 loading class org/gradle/internal/typeconversion/MapNotationConverter
Event: 10.555 loading class org/gradle/internal/typeconversion/MapNotationConverter done


Dynamic libraries:
0x00007ff6c8de0000 - 0x00007ff6c8dea000 	D:\Downloads\Android-studio\jre\bin\java.exe
0x00007ff9ea290000 - 0x00007ff9ea488000 	C:\WINDOWS\SYSTEM32\ntdll.dll
0x00007ff9e9bd0000 - 0x00007ff9e9c8f000 	C:\WINDOWS\System32\KERNEL32.DLL
0x00007ff9e7e10000 - 0x00007ff9e8106000 	C:\WINDOWS\System32\KERNELBASE.dll
0x00007ff9e7cc0000 - 0x00007ff9e7dc0000 	C:\WINDOWS\System32\ucrtbase.dll
0x00007ff9db450000 - 0x00007ff9db469000 	D:\Downloads\Android-studio\jre\bin\jli.dll
0x00007ff9e9880000 - 0x00007ff9e9a1d000 	C:\WINDOWS\System32\USER32.dll
0x00007ff9e82c0000 - 0x00007ff9e82e2000 	C:\WINDOWS\System32\win32u.dll
0x00007ff9e9ba0000 - 0x00007ff9e9bcc000 	C:\WINDOWS\System32\GDI32.dll
0x00007ff9e7ad0000 - 0x00007ff9e7be5000 	C:\WINDOWS\System32\gdi32full.dll
0x00007ff9e7c20000 - 0x00007ff9e7cbd000 	C:\WINDOWS\System32\msvcp_win.dll
0x00007ff9db430000 - 0x00007ff9db447000 	D:\Downloads\Android-studio\jre\bin\VCRUNTIME140.dll
0x00007ff9d3c20000 - 0x00007ff9d3eba000 	C:\WINDOWS\WinSxS\amd64_microsoft.windows.common-controls_6595b64144ccf1df_6.0.19041.1110_none_60b5254171f9507e\COMCTL32.dll
0x00007ff9e96d0000 - 0x00007ff9e976e000 	C:\WINDOWS\System32\msvcrt.dll
0x00007ff9e9d00000 - 0x00007ff9e9d30000 	C:\WINDOWS\System32\IMM32.DLL
0x00007ff9c76e0000 - 0x00007ff9c777d000 	D:\Downloads\Android-studio\jre\bin\msvcp140.dll
0x00007ff9aa8f0000 - 0x00007ff9ab3f2000 	D:\Downloads\Android-studio\jre\bin\server\jvm.dll
0x00007ff9ea140000 - 0x00007ff9ea1ef000 	C:\WINDOWS\System32\ADVAPI32.dll
0x00007ff9e9aa0000 - 0x00007ff9e9b3c000 	C:\WINDOWS\System32\sechost.dll
0x00007ff9e9320000 - 0x00007ff9e9446000 	C:\WINDOWS\System32\RPCRT4.dll
0x00007ff9e82f0000 - 0x00007ff9e82f8000 	C:\WINDOWS\System32\PSAPI.DLL
0x00007ff9ac0d0000 - 0x00007ff9ac0d9000 	C:\WINDOWS\SYSTEM32\WSOCK32.dll
0x00007ff9e9c90000 - 0x00007ff9e9cfb000 	C:\WINDOWS\System32\WS2_32.dll
0x00007ff9c6b70000 - 0x00007ff9c6b97000 	C:\WINDOWS\SYSTEM32\WINMM.dll
0x00007ff9dcf10000 - 0x00007ff9dcf1a000 	C:\WINDOWS\SYSTEM32\VERSION.dll
0x00007ff9e61c0000 - 0x00007ff9e61d2000 	C:\WINDOWS\SYSTEM32\kernel.appcore.dll
0x00007ff9cfc30000 - 0x00007ff9cfc41000 	D:\Downloads\Android-studio\jre\bin\verify.dll
0x00007ff9e5800000 - 0x00007ff9e59e4000 	C:\WINDOWS\SYSTEM32\DBGHELP.DLL
0x00007ff9d40a0000 - 0x00007ff9d40d4000 	C:\WINDOWS\SYSTEM32\dbgcore.DLL
0x00007ff9e8230000 - 0x00007ff9e82b2000 	C:\WINDOWS\System32\bcryptPrimitives.dll
0x00007ff9cc110000 - 0x00007ff9cc139000 	D:\Downloads\Android-studio\jre\bin\java.dll
0x00007ff9df1f0000 - 0x00007ff9df1fb000 	D:\Downloads\Android-studio\jre\bin\jimage.dll
0x00007ff9cfc10000 - 0x00007ff9cfc28000 	D:\Downloads\Android-studio\jre\bin\zip.dll
0x00007ff9e8400000 - 0x00007ff9e8b44000 	C:\WINDOWS\System32\SHELL32.dll
0x00007ff9e59f0000 - 0x00007ff9e6183000 	C:\WINDOWS\SYSTEM32\windows.storage.dll
0x00007ff9e8fc0000 - 0x00007ff9e9314000 	C:\WINDOWS\System32\combase.dll
0x00007ff9e7360000 - 0x00007ff9e738e000 	C:\WINDOWS\SYSTEM32\Wldp.dll
0x00007ff9e97d0000 - 0x00007ff9e987d000 	C:\WINDOWS\System32\SHCORE.dll
0x00007ff9e9770000 - 0x00007ff9e97c5000 	C:\WINDOWS\System32\shlwapi.dll
0x00007ff9e78b0000 - 0x00007ff9e78cf000 	C:\WINDOWS\SYSTEM32\profapi.dll
0x00007ff9cc0f0000 - 0x00007ff9cc10a000 	D:\Downloads\Android-studio\jre\bin\net.dll
0x00007ff9dca60000 - 0x00007ff9dcb6a000 	C:\WINDOWS\SYSTEM32\WINHTTP.dll
0x00007ff9e70c0000 - 0x00007ff9e712a000 	C:\WINDOWS\system32\mswsock.dll
0x00007ff9c87d0000 - 0x00007ff9c87e4000 	D:\Downloads\Android-studio\jre\bin\nio.dll
0x00007ff9db910000 - 0x00007ff9db937000 	C:\Users\wiz tech\.gradle\native\e1d6ef7f7dcc3fd88c89a11ec53ec762bb8ba0a96d01ffa2cd45eb1d1d8dd5c5\windows-amd64\native-platform.dll
0x00007ff9acf40000 - 0x00007ff9ad084000 	C:\Users\wiz tech\.gradle\native\0d407fdbe67a94daf76414ababcb853783967236a71b16ec16e742cd7a986fd3\windows-amd64\native-platform-file-events.dll
0x00007ff9df3b0000 - 0x00007ff9df3ba000 	D:\Downloads\Android-studio\jre\bin\management.dll
0x00007ff9dbfa0000 - 0x00007ff9dbfad000 	D:\Downloads\Android-studio\jre\bin\management_ext.dll
0x00007ff9e72b0000 - 0x00007ff9e72c8000 	C:\WINDOWS\SYSTEM32\CRYPTSP.dll
0x00007ff9e69e0000 - 0x00007ff9e6a14000 	C:\WINDOWS\system32\rsaenh.dll
0x00007ff9e7bf0000 - 0x00007ff9e7c17000 	C:\WINDOWS\System32\bcrypt.dll
0x00007ff9e7870000 - 0x00007ff9e789e000 	C:\WINDOWS\SYSTEM32\USERENV.dll
0x00007ff9e72d0000 - 0x00007ff9e72dc000 	C:\WINDOWS\SYSTEM32\CRYPTBASE.dll
0x00007ff9e6db0000 - 0x00007ff9e6dec000 	C:\WINDOWS\SYSTEM32\IPHLPAPI.DLL
0x00007ff9e8300000 - 0x00007ff9e8308000 	C:\WINDOWS\System32\NSI.dll
0x00007ff9de620000 - 0x00007ff9de637000 	C:\WINDOWS\SYSTEM32\dhcpcsvc6.DLL
0x00007ff9de600000 - 0x00007ff9de61d000 	C:\WINDOWS\SYSTEM32\dhcpcsvc.DLL
0x00007ff9e6df0000 - 0x00007ff9e6ebb000 	C:\WINDOWS\SYSTEM32\DNSAPI.dll

dbghelp: loaded successfully - version: 4.0.5 - missing functions: none
symbol engine: initialized successfully - sym options: 0x614 - pdb path: .;D:\Downloads\Android-studio\jre\bin;C:\WINDOWS\SYSTEM32;C:\WINDOWS\WinSxS\amd64_microsoft.windows.common-controls_6595b64144ccf1df_6.0.19041.1110_none_60b5254171f9507e;D:\Downloads\Android-studio\jre\bin\server;C:\Users\wiz tech\.gradle\native\e1d6ef7f7dcc3fd88c89a11ec53ec762bb8ba0a96d01ffa2cd45eb1d1d8dd5c5\windows-amd64;C:\Users\wiz tech\.gradle\native\0d407fdbe67a94daf76414ababcb853783967236a71b16ec16e742cd7a986fd3\windows-amd64

VM Arguments:
jvm_args: --add-opens=java.base/java.util=ALL-UNNAMED --add-opens=java.base/java.lang=ALL-UNNAMED --add-opens=java.base/java.lang.invoke=ALL-UNNAMED --add-opens=java.base/java.util=ALL-UNNAMED --add-opens=java.prefs/java.util.prefs=ALL-UNNAMED --add-opens=java.prefs/java.util.prefs=ALL-UNNAMED --add-opens=java.base/java.nio.charset=ALL-UNNAMED --add-opens=java.base/java.net=ALL-UNNAMED --add-opens=java.base/java.util.concurrent.atomic=ALL-UNNAMED -Xmx1024M -Dfile.encoding=windows-1252 -Duser.country=US -Duser.language=en -Duser.variant 
java_command: org.gradle.launcher.daemon.bootstrap.GradleDaemon 7.4
java_class_path (initial): C:\Users\wiz tech\.gradle\wrapper\dists\gradle-7.4-all\aadb4xli5jkdsnukm30eibyiu\gradle-7.4\lib\gradle-launcher-7.4.jar
Launcher Type: SUN_STANDARD

[Global flags]
     intx CICompilerCount                          = 3                                         {product} {ergonomic}
     uint ConcGCThreads                            = 1                                         {product} {ergonomic}
     uint G1ConcRefinementThreads                  = 4                                         {product} {ergonomic}
   size_t G1HeapRegionSize                         = 1048576                                   {product} {ergonomic}
    uintx GCDrainStackTargetSize                   = 64                                        {product} {ergonomic}
   size_t InitialHeapSize                          = 134217728                                 {product} {ergonomic}
   size_t MarkStackSize                            = 4194304                                   {product} {ergonomic}
   size_t MaxHeapSize                              = 1073741824                                {product} {command line}
   size_t MaxNewSize                               = 643825664                                 {product} {ergonomic}
   size_t MinHeapDeltaBytes                        = 1048576                                   {product} {ergonomic}
    uintx NonNMethodCodeHeapSize                   = 5830732                                {pd product} {ergonomic}
    uintx NonProfiledCodeHeapSize                  = 122913754                              {pd product} {ergonomic}
    uintx ProfiledCodeHeapSize                     = 122913754                              {pd product} {ergonomic}
    uintx ReservedCodeCacheSize                    = 251658240                              {pd product} {ergonomic}
     bool SegmentedCodeCache                       = true                                      {product} {ergonomic}
     bool UseCompressedClassPointers               = true                                 {lp64_product} {ergonomic}
     bool UseCompressedOops                        = true                                 {lp64_product} {ergonomic}
     bool UseG1GC                                  = true                                      {product} {ergonomic}
     bool UseLargePagesIndividualAllocation        = false                                  {pd product} {ergonomic}

Logging:
Log output configuration:
 #0: stdout all=warning uptime,level,tags
 #1: stderr all=off uptime,level,tags

Environment Variables:
JAVA_HOME=D:\Downloads\Android-studio\jre
CLASSPATH=D:\Projects\Flutter Projects\Residentapp-2-27-2023-main\android\\gradle\wrapper\gradle-wrapper.jar
PATH=C:\Program Files\Common Files\Oracle\Java\javapath;C:\WINDOWS\system32;C:\WINDOWS;C:\WINDOWS\System32\Wbem;C:\WINDOWS\System32\WindowsPowerShell\v1.0\;C:\WINDOWS\System32\OpenSSH\;C:\Program Files (x86)\Intel\Intel(R) Management Engine Components\DAL;C:\Program Files\Intel\Intel(R) Management Engine Components\DAL;D:\Downloads\xamp setup\php;C:\ProgramData\ComposerSetup\bin;C:\Users\wiz tech\AppData\Local\Microsoft\WindowsApps;D:\Downloads\flutter\bin;D:\Downloads\bin;D:\Downloads\visual studio\vscode\bin;D:\Downloads\Visual studio\bin;D:\Downloads\visual studio\visualcodesetup\bin;C:\Users\wiz tech\AppData\Local\GitHubDesktop\bin;D:\Downloads\android-sdk\platform-tools;C:\Users\wiz tech\AppData\Local\Pub\Cache\bin;C:\Users\wiz tech\AppData\Local\Pub\Cache\bin;C:\Users\wiz tech\AppData\Roaming\Composer\vendor\bin;D:\Downloads\flutter\bin\mingit\cmd
USERNAME=Zarish
OS=Windows_NT
PROCESSOR_IDENTIFIER=Intel64 Family 6 Model 78 Stepping 3, GenuineIntel



---------------  S Y S T E M  ---------------

OS: Windows 10 , 64 bit Build 19041 (10.0.19041.2913)
OS uptime: 1 days 10:00 hours

CPU:total 4 (initial active 4) (2 cores per cpu, 2 threads per core) family 6 model 78 stepping 3 microcode 0xf0, cmov, cx8, fxsr, mmx, sse, sse2, sse3, ssse3, sse4.1, sse4.2, popcnt, avx, avx2, aes, clmul, erms, rtm, 3dnowpref, lzcnt, ht, tsc, tscinvbit, bmi1, bmi2, adx, fma

Memory: 4k page, system-wide physical 8072M (286M free)
TotalPageFile size 12168M (AvailPageFile size 4M)
current process WorkingSet (physical memory assigned to process): 196M, peak: 196M
current process commit charge ("private bytes"): 255M, peak: 256M

vm_info: OpenJDK 64-Bit Server VM (11.0.13+0-b1751.21-8125866) for windows-amd64 JRE (11.0.13+0-b1751.21-8125866), built on Feb  2 2022 03:00:22 by "builder" with MS VC++ 14.0 (VS2015)

END.
