#
# There is insufficient memory for the Java Runtime Environment to continue.
# Native memory allocation (malloc) failed to allocate 32744 bytes for ChunkPool::allocate
# Possible reasons:
#   The system is out of physical RAM or swap space
#   The process is running with CompressedOops enabled, and the Java Heap may be blocking the growth of the native heap
# Possible solutions:
#   Reduce memory load on the system
#   Increase physical memory or swap space
#   Check if swap backing store is full
#   Decrease Java heap size (-Xmx/-Xms)
#   Decrease number of Java threads
#   Decrease Java thread stack sizes (-Xss)
#   Set larger code cache with -XX:ReservedCodeCacheSize=
#   JVM is running with Unscaled Compressed Oops mode in which the Java heap is
#     placed in the first 4GB address space. The Java Heap base address is the
#     maximum limit for the native heap growth. Please use -XX:HeapBaseMinAddress
#     to set the Java Heap base and to place the Java Heap above 4GB virtual address.
# This output file may be truncated or incomplete.
#
#  Out of Memory Error (./src/hotspot/share/memory/arena.cpp:81), pid=13656, tid=4632
#
# JRE version: OpenJDK Runtime Environment (11.0.13) (build 11.0.13+0-b1751.21-8125866)
# Java VM: OpenJDK 64-Bit Server VM (11.0.13+0-b1751.21-8125866, mixed mode, tiered, compressed oops, g1 gc, windows-amd64)
# No core dump will be written. Minidumps are not enabled by default on client versions of Windows
#

---------------  S U M M A R Y ------------

Command Line: -Dorg.gradle.appname=gradlew org.gradle.wrapper.GradleWrapperMain -q -Ptarget-platform=android-arm64 -Ptarget=D:\Projects\Flutter Projects\Residentapp-2-27-2023-main\lib\main.dart -Pbase-application-name=android.app.Application -Pdart-defines=RkxVVFRFUl9XRUJfQVVUT19ERVRFQ1Q9dHJ1ZQ==,RkxVVFRFUl9XRUJfQ0FOVkFTS0lUX1VSTD1odHRwczovL3d3dy5nc3RhdGljLmNvbS9mbHV0dGVyLWNhbnZhc2tpdC9iNGZiMTEyMTRkZDJkZGE2Y2UwMTJkZDk4ZWE0OThlOWU4YjkxMjYyLw== -Pdart-obfuscation=false -Ptrack-widget-creation=true -Ptree-shake-icons=false -Pfilesystem-scheme=org-dartlang-root assembleDebug

Host: Intel(R) Core(TM) i5-6300U CPU @ 2.40GHz, 4 cores, 7G,  Windows 10 , 64 bit Build 19041 (10.0.19041.2913)
Time: Sat May 20 23:10:00 2023 Pakistan Standard Time elapsed time: 2.654664 seconds (0d 0h 0m 2s)

---------------  T H R E A D  ---------------

Current thread (0x00000174ec9fa800):  JavaThread "C1 CompilerThread0" daemon [_thread_in_native, id=4632, stack(0x0000001f30700000,0x0000001f30800000)]


Current CompileTask:
C1:   2654  881       3       java.lang.invoke.InvokerBytecodeGenerator::emitPushArgument (120 bytes)

Stack: [0x0000001f30700000,0x0000001f30800000]
Native frames: (J=compiled Java code, j=interpreted, Vv=VM code, C=native code)
V  [jvm.dll+0x6100fa]
V  [jvm.dll+0x747090]
V  [jvm.dll+0x7486ad]
V  [jvm.dll+0x748d83]
V  [jvm.dll+0x24ab48]
V  [jvm.dll+0xc075b]
V  [jvm.dll+0xc0a0c]
V  [jvm.dll+0x1077d1]
V  [jvm.dll+0x15fb60]
V  [jvm.dll+0x152f63]
V  [jvm.dll+0x15fec5]
V  [jvm.dll+0x157312]
V  [jvm.dll+0x153f4e]
V  [jvm.dll+0x140300]
V  [jvm.dll+0x128cd0]
V  [jvm.dll+0x128869]
V  [jvm.dll+0x1289d3]
V  [jvm.dll+0x127ce7]
V  [jvm.dll+0x1298b7]
V  [jvm.dll+0x21106b]
V  [jvm.dll+0x20f8c1]
V  [jvm.dll+0x70de0f]
V  [jvm.dll+0x706a75]
V  [jvm.dll+0x60ed66]
C  [ucrtbase.dll+0x21bb2]
C  [KERNEL32.DLL+0x17614]
C  [ntdll.dll+0x526a1]


---------------  P R O C E S S  ---------------

Threads class SMR info:
_java_thread_list=0x00000174ed499220, length=10, elements={
0x00000174d2e9e000, 0x00000174ec9d9000, 0x00000174ec9e2000, 0x00000174ec9f3800,
0x00000174ec9f4800, 0x00000174ec9f6800, 0x00000174ec9f9800, 0x00000174ec9fa800,
0x00000174eca00800, 0x00000174ed4aa000
}

Java Threads: ( => current thread )
  0x00000174d2e9e000 JavaThread "main" [_thread_in_vm, id=19400, stack(0x0000001f2fa00000,0x0000001f2fb00000)]
  0x00000174ec9d9000 JavaThread "Reference Handler" daemon [_thread_blocked, id=19376, stack(0x0000001f30100000,0x0000001f30200000)]
  0x00000174ec9e2000 JavaThread "Finalizer" daemon [_thread_blocked, id=15876, stack(0x0000001f30200000,0x0000001f30300000)]
  0x00000174ec9f3800 JavaThread "Signal Dispatcher" daemon [_thread_blocked, id=18612, stack(0x0000001f30300000,0x0000001f30400000)]
  0x00000174ec9f4800 JavaThread "Attach Listener" daemon [_thread_blocked, id=9600, stack(0x0000001f30400000,0x0000001f30500000)]
  0x00000174ec9f6800 JavaThread "Service Thread" daemon [_thread_blocked, id=12036, stack(0x0000001f30500000,0x0000001f30600000)]
  0x00000174ec9f9800 JavaThread "C2 CompilerThread0" daemon [_thread_in_native, id=1276, stack(0x0000001f30600000,0x0000001f30700000)]
=>0x00000174ec9fa800 JavaThread "C1 CompilerThread0" daemon [_thread_in_native, id=4632, stack(0x0000001f30700000,0x0000001f30800000)]
  0x00000174eca00800 JavaThread "Sweeper thread" daemon [_thread_blocked, id=9932, stack(0x0000001f30800000,0x0000001f30900000)]
  0x00000174ed4aa000 JavaThread "Common-Cleaner" daemon [_thread_blocked, id=1912, stack(0x0000001f30a00000,0x0000001f30b00000)]

Other Threads:
  0x00000174ec9b4000 VMThread "VM Thread" [stack: 0x0000001f30000000,0x0000001f30100000] [id=13416]
  0x00000174ed4a2000 WatcherThread [stack: 0x0000001f30900000,0x0000001f30a00000] [id=9884]
  0x00000174d2eb6800 GCTaskThread "GC Thread#0" [stack: 0x0000001f2fb00000,0x0000001f2fc00000] [id=5460]
  0x00000174ed76d000 GCTaskThread "GC Thread#1" [stack: 0x0000001f30b00000,0x0000001f30c00000] [id=11468]
  0x00000174ed76d800 GCTaskThread "GC Thread#2" [stack: 0x0000001f30c00000,0x0000001f30d00000] [id=6260]
  0x00000174d2ee6800 ConcurrentGCThread "G1 Main Marker" [stack: 0x0000001f2fc00000,0x0000001f2fd00000] [id=8988]
  0x00000174d2ee8800 ConcurrentGCThread "G1 Conc#0" [stack: 0x0000001f2fd00000,0x0000001f2fe00000] [id=8888]
  0x00000174d2f79000 ConcurrentGCThread "G1 Refine#0" [stack: 0x0000001f2fe00000,0x0000001f2ff00000] [id=18760]
  0x00000174d2f7b000 ConcurrentGCThread "G1 Young RemSet Sampling" [stack: 0x0000001f2ff00000,0x0000001f30000000] [id=4624]

Threads with active compile tasks:
C2 CompilerThread0   2711  846  s!   4       jdk.internal.loader.URLClassPath::getLoader (194 bytes)
C1 CompilerThread0   2711  881       3       java.lang.invoke.InvokerBytecodeGenerator::emitPushArgument (120 bytes)

VM state:not at safepoint (normal execution)

VM Mutex/Monitor currently owned by a thread: None

Heap address: 0x0000000081c00000, size: 2020 MB, Compressed Oops mode: 32-bit
Narrow klass base: 0x0000000000000000, Narrow klass shift: 3
Compressed class space size: 1073741824 Address: 0x0000000100000000

Heap:
 garbage-first heap   total 131072K, used 16668K [0x0000000081c00000, 0x0000000100000000)
  region size 1024K, 13 young (13312K), 2 survivors (2048K)
 Metaspace       used 10354K, capacity 10544K, committed 10624K, reserved 1058816K
  class space    used 1047K, capacity 1130K, committed 1152K, reserved 1048576K
Heap Regions: E=young(eden), S=young(survivor), O=old, HS=humongous(starts), HC=humongous(continues), CS=collection set, F=free, A=archive, TAMS=top-at-mark-start (previous, next)
|   0|0x0000000081c00000, 0x0000000081d00000, 0x0000000081d00000|100%|HS|  |TAMS 0x0000000081c00000, 0x0000000081c00000| Complete 
|   1|0x0000000081d00000, 0x0000000081e00000, 0x0000000081e00000|100%|HC|  |TAMS 0x0000000081d00000, 0x0000000081d00000| Complete 
|   2|0x0000000081e00000, 0x0000000081f00000, 0x0000000081f00000|100%|HC|  |TAMS 0x0000000081e00000, 0x0000000081e00000| Complete 
|   3|0x0000000081f00000, 0x0000000082000000, 0x0000000082000000|100%| O|  |TAMS 0x0000000081f00000, 0x0000000081f00000| Untracked 
|   4|0x0000000082000000, 0x0000000082047000, 0x0000000082100000| 27%| O|  |TAMS 0x0000000082000000, 0x0000000082000000| Untracked 
|   5|0x0000000082100000, 0x0000000082100000, 0x0000000082200000|  0%| F|  |TAMS 0x0000000082100000, 0x0000000082100000| Untracked 
|   6|0x0000000082200000, 0x0000000082200000, 0x0000000082300000|  0%| F|  |TAMS 0x0000000082200000, 0x0000000082200000| Untracked 
|   7|0x0000000082300000, 0x0000000082300000, 0x0000000082400000|  0%| F|  |TAMS 0x0000000082300000, 0x0000000082300000| Untracked 
|   8|0x0000000082400000, 0x0000000082400000, 0x0000000082500000|  0%| F|  |TAMS 0x0000000082400000, 0x0000000082400000| Untracked 
|   9|0x0000000082500000, 0x0000000082500000, 0x0000000082600000|  0%| F|  |TAMS 0x0000000082500000, 0x0000000082500000| Untracked 
|  10|0x0000000082600000, 0x0000000082600000, 0x0000000082700000|  0%| F|  |TAMS 0x0000000082600000, 0x0000000082600000| Untracked 
|  11|0x0000000082700000, 0x0000000082700000, 0x0000000082800000|  0%| F|  |TAMS 0x0000000082700000, 0x0000000082700000| Untracked 
|  12|0x0000000082800000, 0x0000000082800000, 0x0000000082900000|  0%| F|  |TAMS 0x0000000082800000, 0x0000000082800000| Untracked 
|  13|0x0000000082900000, 0x0000000082900000, 0x0000000082a00000|  0%| F|  |TAMS 0x0000000082900000, 0x0000000082900000| Untracked 
|  14|0x0000000082a00000, 0x0000000082a00000, 0x0000000082b00000|  0%| F|  |TAMS 0x0000000082a00000, 0x0000000082a00000| Untracked 
|  15|0x0000000082b00000, 0x0000000082b00000, 0x0000000082c00000|  0%| F|  |TAMS 0x0000000082b00000, 0x0000000082b00000| Untracked 
|  16|0x0000000082c00000, 0x0000000082c00000, 0x0000000082d00000|  0%| F|  |TAMS 0x0000000082c00000, 0x0000000082c00000| Untracked 
|  17|0x0000000082d00000, 0x0000000082d00000, 0x0000000082e00000|  0%| F|  |TAMS 0x0000000082d00000, 0x0000000082d00000| Untracked 
|  18|0x0000000082e00000, 0x0000000082e00000, 0x0000000082f00000|  0%| F|  |TAMS 0x0000000082e00000, 0x0000000082e00000| Untracked 
|  19|0x0000000082f00000, 0x0000000082f00000, 0x0000000083000000|  0%| F|  |TAMS 0x0000000082f00000, 0x0000000082f00000| Untracked 
|  20|0x0000000083000000, 0x0000000083000000, 0x0000000083100000|  0%| F|  |TAMS 0x0000000083000000, 0x0000000083000000| Untracked 
|  21|0x0000000083100000, 0x0000000083100000, 0x0000000083200000|  0%| F|  |TAMS 0x0000000083100000, 0x0000000083100000| Untracked 
|  22|0x0000000083200000, 0x0000000083200000, 0x0000000083300000|  0%| F|  |TAMS 0x0000000083200000, 0x0000000083200000| Untracked 
|  23|0x0000000083300000, 0x0000000083300000, 0x0000000083400000|  0%| F|  |TAMS 0x0000000083300000, 0x0000000083300000| Untracked 
|  24|0x0000000083400000, 0x0000000083400000, 0x0000000083500000|  0%| F|  |TAMS 0x0000000083400000, 0x0000000083400000| Untracked 
|  25|0x0000000083500000, 0x0000000083500000, 0x0000000083600000|  0%| F|  |TAMS 0x0000000083500000, 0x0000000083500000| Untracked 
|  26|0x0000000083600000, 0x0000000083600000, 0x0000000083700000|  0%| F|  |TAMS 0x0000000083600000, 0x0000000083600000| Untracked 
|  27|0x0000000083700000, 0x0000000083700000, 0x0000000083800000|  0%| F|  |TAMS 0x0000000083700000, 0x0000000083700000| Untracked 
|  28|0x0000000083800000, 0x0000000083800000, 0x0000000083900000|  0%| F|  |TAMS 0x0000000083800000, 0x0000000083800000| Untracked 
|  29|0x0000000083900000, 0x0000000083900000, 0x0000000083a00000|  0%| F|  |TAMS 0x0000000083900000, 0x0000000083900000| Untracked 
|  30|0x0000000083a00000, 0x0000000083a00000, 0x0000000083b00000|  0%| F|  |TAMS 0x0000000083a00000, 0x0000000083a00000| Untracked 
|  31|0x0000000083b00000, 0x0000000083b00000, 0x0000000083c00000|  0%| F|  |TAMS 0x0000000083b00000, 0x0000000083b00000| Untracked 
|  32|0x0000000083c00000, 0x0000000083c00000, 0x0000000083d00000|  0%| F|  |TAMS 0x0000000083c00000, 0x0000000083c00000| Untracked 
|  33|0x0000000083d00000, 0x0000000083d00000, 0x0000000083e00000|  0%| F|  |TAMS 0x0000000083d00000, 0x0000000083d00000| Untracked 
|  34|0x0000000083e00000, 0x0000000083e00000, 0x0000000083f00000|  0%| F|  |TAMS 0x0000000083e00000, 0x0000000083e00000| Untracked 
|  35|0x0000000083f00000, 0x0000000083f00000, 0x0000000084000000|  0%| F|  |TAMS 0x0000000083f00000, 0x0000000083f00000| Untracked 
|  36|0x0000000084000000, 0x0000000084000000, 0x0000000084100000|  0%| F|  |TAMS 0x0000000084000000, 0x0000000084000000| Untracked 
|  37|0x0000000084100000, 0x0000000084100000, 0x0000000084200000|  0%| F|  |TAMS 0x0000000084100000, 0x0000000084100000| Untracked 
|  38|0x0000000084200000, 0x0000000084200000, 0x0000000084300000|  0%| F|  |TAMS 0x0000000084200000, 0x0000000084200000| Untracked 
|  39|0x0000000084300000, 0x0000000084300000, 0x0000000084400000|  0%| F|  |TAMS 0x0000000084300000, 0x0000000084300000| Untracked 
|  40|0x0000000084400000, 0x0000000084400000, 0x0000000084500000|  0%| F|  |TAMS 0x0000000084400000, 0x0000000084400000| Untracked 
|  41|0x0000000084500000, 0x0000000084500000, 0x0000000084600000|  0%| F|  |TAMS 0x0000000084500000, 0x0000000084500000| Untracked 
|  42|0x0000000084600000, 0x0000000084600000, 0x0000000084700000|  0%| F|  |TAMS 0x0000000084600000, 0x0000000084600000| Untracked 
|  43|0x0000000084700000, 0x0000000084700000, 0x0000000084800000|  0%| F|  |TAMS 0x0000000084700000, 0x0000000084700000| Untracked 
|  44|0x0000000084800000, 0x0000000084800000, 0x0000000084900000|  0%| F|  |TAMS 0x0000000084800000, 0x0000000084800000| Untracked 
|  45|0x0000000084900000, 0x0000000084900000, 0x0000000084a00000|  0%| F|  |TAMS 0x0000000084900000, 0x0000000084900000| Untracked 
|  46|0x0000000084a00000, 0x0000000084a00000, 0x0000000084b00000|  0%| F|  |TAMS 0x0000000084a00000, 0x0000000084a00000| Untracked 
|  47|0x0000000084b00000, 0x0000000084b00000, 0x0000000084c00000|  0%| F|  |TAMS 0x0000000084b00000, 0x0000000084b00000| Untracked 
|  48|0x0000000084c00000, 0x0000000084c00000, 0x0000000084d00000|  0%| F|  |TAMS 0x0000000084c00000, 0x0000000084c00000| Untracked 
|  49|0x0000000084d00000, 0x0000000084d00000, 0x0000000084e00000|  0%| F|  |TAMS 0x0000000084d00000, 0x0000000084d00000| Untracked 
|  50|0x0000000084e00000, 0x0000000084e00000, 0x0000000084f00000|  0%| F|  |TAMS 0x0000000084e00000, 0x0000000084e00000| Untracked 
|  51|0x0000000084f00000, 0x0000000084f00000, 0x0000000085000000|  0%| F|  |TAMS 0x0000000084f00000, 0x0000000084f00000| Untracked 
|  52|0x0000000085000000, 0x0000000085000000, 0x0000000085100000|  0%| F|  |TAMS 0x0000000085000000, 0x0000000085000000| Untracked 
|  53|0x0000000085100000, 0x0000000085100000, 0x0000000085200000|  0%| F|  |TAMS 0x0000000085100000, 0x0000000085100000| Untracked 
|  54|0x0000000085200000, 0x0000000085200000, 0x0000000085300000|  0%| F|  |TAMS 0x0000000085200000, 0x0000000085200000| Untracked 
|  55|0x0000000085300000, 0x0000000085300000, 0x0000000085400000|  0%| F|  |TAMS 0x0000000085300000, 0x0000000085300000| Untracked 
|  56|0x0000000085400000, 0x0000000085400000, 0x0000000085500000|  0%| F|  |TAMS 0x0000000085400000, 0x0000000085400000| Untracked 
|  57|0x0000000085500000, 0x0000000085500000, 0x0000000085600000|  0%| F|  |TAMS 0x0000000085500000, 0x0000000085500000| Untracked 
|  58|0x0000000085600000, 0x0000000085600000, 0x0000000085700000|  0%| F|  |TAMS 0x0000000085600000, 0x0000000085600000| Untracked 
|  59|0x0000000085700000, 0x0000000085700000, 0x0000000085800000|  0%| F|  |TAMS 0x0000000085700000, 0x0000000085700000| Untracked 
|  60|0x0000000085800000, 0x0000000085800000, 0x0000000085900000|  0%| F|  |TAMS 0x0000000085800000, 0x0000000085800000| Untracked 
|  61|0x0000000085900000, 0x0000000085900000, 0x0000000085a00000|  0%| F|  |TAMS 0x0000000085900000, 0x0000000085900000| Untracked 
|  62|0x0000000085a00000, 0x0000000085a00000, 0x0000000085b00000|  0%| F|  |TAMS 0x0000000085a00000, 0x0000000085a00000| Untracked 
|  63|0x0000000085b00000, 0x0000000085b00000, 0x0000000085c00000|  0%| F|  |TAMS 0x0000000085b00000, 0x0000000085b00000| Untracked 
|  64|0x0000000085c00000, 0x0000000085c00000, 0x0000000085d00000|  0%| F|  |TAMS 0x0000000085c00000, 0x0000000085c00000| Untracked 
|  65|0x0000000085d00000, 0x0000000085d00000, 0x0000000085e00000|  0%| F|  |TAMS 0x0000000085d00000, 0x0000000085d00000| Untracked 
|  66|0x0000000085e00000, 0x0000000085e00000, 0x0000000085f00000|  0%| F|  |TAMS 0x0000000085e00000, 0x0000000085e00000| Untracked 
|  67|0x0000000085f00000, 0x0000000085f00000, 0x0000000086000000|  0%| F|  |TAMS 0x0000000085f00000, 0x0000000085f00000| Untracked 
|  68|0x0000000086000000, 0x0000000086000000, 0x0000000086100000|  0%| F|  |TAMS 0x0000000086000000, 0x0000000086000000| Untracked 
|  69|0x0000000086100000, 0x0000000086100000, 0x0000000086200000|  0%| F|  |TAMS 0x0000000086100000, 0x0000000086100000| Untracked 
|  70|0x0000000086200000, 0x0000000086200000, 0x0000000086300000|  0%| F|  |TAMS 0x0000000086200000, 0x0000000086200000| Untracked 
|  71|0x0000000086300000, 0x0000000086300000, 0x0000000086400000|  0%| F|  |TAMS 0x0000000086300000, 0x0000000086300000| Untracked 
|  72|0x0000000086400000, 0x0000000086400000, 0x0000000086500000|  0%| F|  |TAMS 0x0000000086400000, 0x0000000086400000| Untracked 
|  73|0x0000000086500000, 0x0000000086500000, 0x0000000086600000|  0%| F|  |TAMS 0x0000000086500000, 0x0000000086500000| Untracked 
|  74|0x0000000086600000, 0x0000000086600000, 0x0000000086700000|  0%| F|  |TAMS 0x0000000086600000, 0x0000000086600000| Untracked 
|  75|0x0000000086700000, 0x0000000086700000, 0x0000000086800000|  0%| F|  |TAMS 0x0000000086700000, 0x0000000086700000| Untracked 
|  76|0x0000000086800000, 0x0000000086800000, 0x0000000086900000|  0%| F|  |TAMS 0x0000000086800000, 0x0000000086800000| Untracked 
|  77|0x0000000086900000, 0x0000000086900000, 0x0000000086a00000|  0%| F|  |TAMS 0x0000000086900000, 0x0000000086900000| Untracked 
|  78|0x0000000086a00000, 0x0000000086a00000, 0x0000000086b00000|  0%| F|  |TAMS 0x0000000086a00000, 0x0000000086a00000| Untracked 
|  79|0x0000000086b00000, 0x0000000086b00000, 0x0000000086c00000|  0%| F|  |TAMS 0x0000000086b00000, 0x0000000086b00000| Untracked 
|  80|0x0000000086c00000, 0x0000000086c00000, 0x0000000086d00000|  0%| F|  |TAMS 0x0000000086c00000, 0x0000000086c00000| Untracked 
|  81|0x0000000086d00000, 0x0000000086d00000, 0x0000000086e00000|  0%| F|  |TAMS 0x0000000086d00000, 0x0000000086d00000| Untracked 
|  82|0x0000000086e00000, 0x0000000086e00000, 0x0000000086f00000|  0%| F|  |TAMS 0x0000000086e00000, 0x0000000086e00000| Untracked 
|  83|0x0000000086f00000, 0x0000000086f00000, 0x0000000087000000|  0%| F|  |TAMS 0x0000000086f00000, 0x0000000086f00000| Untracked 
|  84|0x0000000087000000, 0x0000000087000000, 0x0000000087100000|  0%| F|  |TAMS 0x0000000087000000, 0x0000000087000000| Untracked 
|  85|0x0000000087100000, 0x0000000087100000, 0x0000000087200000|  0%| F|  |TAMS 0x0000000087100000, 0x0000000087100000| Untracked 
|  86|0x0000000087200000, 0x0000000087200000, 0x0000000087300000|  0%| F|  |TAMS 0x0000000087200000, 0x0000000087200000| Untracked 
|  87|0x0000000087300000, 0x0000000087300000, 0x0000000087400000|  0%| F|  |TAMS 0x0000000087300000, 0x0000000087300000| Untracked 
|  88|0x0000000087400000, 0x0000000087400000, 0x0000000087500000|  0%| F|  |TAMS 0x0000000087400000, 0x0000000087400000| Untracked 
|  89|0x0000000087500000, 0x0000000087500000, 0x0000000087600000|  0%| F|  |TAMS 0x0000000087500000, 0x0000000087500000| Untracked 
|  90|0x0000000087600000, 0x0000000087600000, 0x0000000087700000|  0%| F|  |TAMS 0x0000000087600000, 0x0000000087600000| Untracked 
|  91|0x0000000087700000, 0x0000000087700000, 0x0000000087800000|  0%| F|  |TAMS 0x0000000087700000, 0x0000000087700000| Untracked 
|  92|0x0000000087800000, 0x0000000087800000, 0x0000000087900000|  0%| F|  |TAMS 0x0000000087800000, 0x0000000087800000| Untracked 
|  93|0x0000000087900000, 0x0000000087900000, 0x0000000087a00000|  0%| F|  |TAMS 0x0000000087900000, 0x0000000087900000| Untracked 
|  94|0x0000000087a00000, 0x0000000087a00000, 0x0000000087b00000|  0%| F|  |TAMS 0x0000000087a00000, 0x0000000087a00000| Untracked 
|  95|0x0000000087b00000, 0x0000000087b00000, 0x0000000087c00000|  0%| F|  |TAMS 0x0000000087b00000, 0x0000000087b00000| Untracked 
|  96|0x0000000087c00000, 0x0000000087c00000, 0x0000000087d00000|  0%| F|  |TAMS 0x0000000087c00000, 0x0000000087c00000| Untracked 
|  97|0x0000000087d00000, 0x0000000087d00000, 0x0000000087e00000|  0%| F|  |TAMS 0x0000000087d00000, 0x0000000087d00000| Untracked 
|  98|0x0000000087e00000, 0x0000000087e00000, 0x0000000087f00000|  0%| F|  |TAMS 0x0000000087e00000, 0x0000000087e00000| Untracked 
|  99|0x0000000087f00000, 0x0000000087f00000, 0x0000000088000000|  0%| F|  |TAMS 0x0000000087f00000, 0x0000000087f00000| Untracked 
| 100|0x0000000088000000, 0x0000000088000000, 0x0000000088100000|  0%| F|  |TAMS 0x0000000088000000, 0x0000000088000000| Untracked 
| 101|0x0000000088100000, 0x0000000088100000, 0x0000000088200000|  0%| F|  |TAMS 0x0000000088100000, 0x0000000088100000| Untracked 
| 102|0x0000000088200000, 0x0000000088200000, 0x0000000088300000|  0%| F|  |TAMS 0x0000000088200000, 0x0000000088200000| Untracked 
| 103|0x0000000088300000, 0x0000000088300000, 0x0000000088400000|  0%| F|  |TAMS 0x0000000088300000, 0x0000000088300000| Untracked 
| 104|0x0000000088400000, 0x0000000088400000, 0x0000000088500000|  0%| F|  |TAMS 0x0000000088400000, 0x0000000088400000| Untracked 
| 105|0x0000000088500000, 0x0000000088500000, 0x0000000088600000|  0%| F|  |TAMS 0x0000000088500000, 0x0000000088500000| Untracked 
| 106|0x0000000088600000, 0x0000000088600000, 0x0000000088700000|  0%| F|  |TAMS 0x0000000088600000, 0x0000000088600000| Untracked 
| 107|0x0000000088700000, 0x0000000088700000, 0x0000000088800000|  0%| F|  |TAMS 0x0000000088700000, 0x0000000088700000| Untracked 
| 108|0x0000000088800000, 0x0000000088800000, 0x0000000088900000|  0%| F|  |TAMS 0x0000000088800000, 0x0000000088800000| Untracked 
| 109|0x0000000088900000, 0x0000000088900000, 0x0000000088a00000|  0%| F|  |TAMS 0x0000000088900000, 0x0000000088900000| Untracked 
| 110|0x0000000088a00000, 0x0000000088a00000, 0x0000000088b00000|  0%| F|  |TAMS 0x0000000088a00000, 0x0000000088a00000| Untracked 
| 111|0x0000000088b00000, 0x0000000088b00000, 0x0000000088c00000|  0%| F|  |TAMS 0x0000000088b00000, 0x0000000088b00000| Untracked 
| 112|0x0000000088c00000, 0x0000000088d00000, 0x0000000088d00000|100%| S|CS|TAMS 0x0000000088c00000, 0x0000000088c00000| Complete 
| 113|0x0000000088d00000, 0x0000000088e00000, 0x0000000088e00000|100%| S|CS|TAMS 0x0000000088d00000, 0x0000000088d00000| Complete 
| 114|0x0000000088e00000, 0x0000000088e00000, 0x0000000088f00000|  0%| F|  |TAMS 0x0000000088e00000, 0x0000000088e00000| Untracked 
| 115|0x0000000088f00000, 0x0000000088f00000, 0x0000000089000000|  0%| F|  |TAMS 0x0000000088f00000, 0x0000000088f00000| Untracked 
| 116|0x0000000089000000, 0x0000000089000000, 0x0000000089100000|  0%| F|  |TAMS 0x0000000089000000, 0x0000000089000000| Untracked 
| 117|0x0000000089100000, 0x0000000089180800, 0x0000000089200000| 50%| E|  |TAMS 0x0000000089100000, 0x0000000089100000| Complete 
| 118|0x0000000089200000, 0x0000000089300000, 0x0000000089300000|100%| E|CS|TAMS 0x0000000089200000, 0x0000000089200000| Complete 
| 119|0x0000000089300000, 0x0000000089400000, 0x0000000089400000|100%| E|CS|TAMS 0x0000000089300000, 0x0000000089300000| Complete 
| 120|0x0000000089400000, 0x0000000089500000, 0x0000000089500000|100%| E|CS|TAMS 0x0000000089400000, 0x0000000089400000| Complete 
| 121|0x0000000089500000, 0x0000000089600000, 0x0000000089600000|100%| E|CS|TAMS 0x0000000089500000, 0x0000000089500000| Complete 
| 122|0x0000000089600000, 0x0000000089700000, 0x0000000089700000|100%| E|CS|TAMS 0x0000000089600000, 0x0000000089600000| Complete 
| 123|0x0000000089700000, 0x0000000089800000, 0x0000000089800000|100%| E|CS|TAMS 0x0000000089700000, 0x0000000089700000| Complete 
| 124|0x0000000089800000, 0x0000000089900000, 0x0000000089900000|100%| E|CS|TAMS 0x0000000089800000, 0x0000000089800000| Complete 
| 125|0x0000000089900000, 0x0000000089a00000, 0x0000000089a00000|100%| E|CS|TAMS 0x0000000089900000, 0x0000000089900000| Complete 
| 126|0x0000000089a00000, 0x0000000089b00000, 0x0000000089b00000|100%| E|CS|TAMS 0x0000000089a00000, 0x0000000089a00000| Complete 
| 127|0x0000000089b00000, 0x0000000089c00000, 0x0000000089c00000|100%| E|CS|TAMS 0x0000000089b00000, 0x0000000089b00000| Complete 

Card table byte_map: [0x00000174e5dc0000,0x00000174e61c0000] _byte_map_base: 0x00000174e59b2000

Marking Bits (Prev, Next): (CMBitMap*) 0x00000174d2eddb98, (CMBitMap*) 0x00000174d2eddbd0
 Prev Bits: [0x00000174e65c0000, 0x00000174e8550000)
 Next Bits: [0x00000174e8550000, 0x00000174ea4e0000)

Polling page: 0x00000174d0e00000

Metaspace:

Usage:
  Non-class:      9.19 MB capacity,     9.09 MB ( 99%) used,    95.85 KB (  1%) free+waste,    10.50 KB ( <1%) overhead. 
      Class:      1.10 MB capacity,     1.02 MB ( 93%) used,    77.71 KB (  7%) free+waste,     5.00 KB ( <1%) overhead. 
       Both:     10.30 MB capacity,    10.11 MB ( 98%) used,   173.56 KB (  2%) free+waste,    15.50 KB ( <1%) overhead. 

Virtual space:
  Non-class space:       10.00 MB reserved,       9.25 MB ( 93%) committed 
      Class space:        1.00 GB reserved,       1.13 MB ( <1%) committed 
             Both:        1.01 GB reserved,      10.38 MB (  1%) committed 

Chunk freelists:
   Non-Class:  58.00 KB
       Class:  22.00 KB
        Both:  80.00 KB

MaxMetaspaceSize: 17179869184.00 GB
CompressedClassSpaceSize: 1.00 GB
Initial GC threshold: 20.80 MB
Current GC threshold: 20.80 MB
CDS: off

CodeHeap 'non-profiled nmethods': size=120064Kb used=296Kb max_used=296Kb free=119767Kb
 bounds [0x00000174de480000, 0x00000174de6f0000, 0x00000174e59c0000]
CodeHeap 'profiled nmethods': size=120000Kb used=1687Kb max_used=1687Kb free=118312Kb
 bounds [0x00000174d6f50000, 0x00000174d71c0000, 0x00000174de480000]
CodeHeap 'non-nmethods': size=5696Kb used=1118Kb max_used=1136Kb free=4577Kb
 bounds [0x00000174d69c0000, 0x00000174d6c30000, 0x00000174d6f50000]
 total_blobs=1244 nmethods=875 adapters=282
 compilation: enabled
              stopped_count=0, restarted_count=0
 full_count=0

Compilation events (20 events):
Event: 2.498 Thread 0x00000174ec9fa800 nmethod 867 0x00000174d70ec990 code [0x00000174d70ecb60, 0x00000174d70ecd48]
Event: 2.498 Thread 0x00000174ec9fa800  868       3       java.nio.ByteBuffer::<init> (12 bytes)
Event: 2.498 Thread 0x00000174ec9fa800 nmethod 868 0x00000174d70ece10 code [0x00000174d70ecfc0, 0x00000174d70ed108]
Event: 2.498 Thread 0x00000174ec9fa800  870       3       jdk.internal.jimage.ImageLocation::decompress (153 bytes)
Event: 2.500 Thread 0x00000174ec9fa800 nmethod 870 0x00000174d70ed190 code [0x00000174d70ed480, 0x00000174d70ee4f8]
Event: 2.500 Thread 0x00000174ec9fa800  869       3       jdk.internal.jimage.ImageStringsReader::hashCode (31 bytes)
Event: 2.500 Thread 0x00000174ec9fa800 nmethod 869 0x00000174d70eea90 code [0x00000174d70eec80, 0x00000174d70eee38]
Event: 2.625 Thread 0x00000174ec9fa800  871       1       java.lang.reflect.Method::getReturnType (5 bytes)
Event: 2.625 Thread 0x00000174ec9fa800 nmethod 871 0x00000174de4c9790 code [0x00000174de4c9940, 0x00000174de4c99f8]
Event: 2.625 Thread 0x00000174ec9fa800  872       3       java.util.LinkedList$ListItr::hasNext (20 bytes)
Event: 2.626 Thread 0x00000174ec9fa800 nmethod 872 0x00000174d70eef10 code [0x00000174d70ef0c0, 0x00000174d70ef238]
Event: 2.640 Thread 0x00000174ec9fa800  874   !   3       sun.nio.fs.WindowsPath::initOffsets (153 bytes)
Event: 2.646 Thread 0x00000174ec9fa800 nmethod 874 0x00000174d70ef310 code [0x00000174d70ef7a0, 0x00000174d70f1f88]
Event: 2.646 Thread 0x00000174ec9fa800  875       3       java.lang.ClassLoader::definePackage (84 bytes)
Event: 2.649 Thread 0x00000174ec9fa800 nmethod 875 0x00000174d70f2f10 code [0x00000174d70f3220, 0x00000174d70f42b8]
Event: 2.649 Thread 0x00000174ec9fa800  876       3       java.net.URLClassLoader::isSealed (70 bytes)
Event: 2.649 Thread 0x00000174ec9fa800 nmethod 876 0x00000174d70f4810 code [0x00000174d70f4aa0, 0x00000174d70f54c8]
Event: 2.650 Thread 0x00000174ec9fa800  879       3       java.lang.invoke.MemberName::getName (25 bytes)
Event: 2.651 Thread 0x00000174ec9fa800 nmethod 879 0x00000174d70f5910 code [0x00000174d70f5ae0, 0x00000174d70f5e48]
Event: 2.651 Thread 0x00000174ec9fa800  881       3       java.lang.invoke.InvokerBytecodeGenerator::emitPushArgument (120 bytes)

GC Heap History (2 events):
Event: 1.689 GC heap before
{Heap before GC invocations=0 (full 0):
 garbage-first heap   total 131072K, used 16384K [0x0000000081c00000, 0x0000000100000000)
  region size 1024K, 14 young (14336K), 0 survivors (0K)
 Metaspace       used 7990K, capacity 8145K, committed 8192K, reserved 1056768K
  class space    used 702K, capacity 754K, committed 768K, reserved 1048576K
}
Event: 1.708 GC heap after
{Heap after GC invocations=1 (full 0):
 garbage-first heap   total 131072K, used 3356K [0x0000000081c00000, 0x0000000100000000)
  region size 1024K, 2 young (2048K), 2 survivors (2048K)
 Metaspace       used 7990K, capacity 8145K, committed 8192K, reserved 1056768K
  class space    used 702K, capacity 754K, committed 768K, reserved 1048576K
}

Deoptimization events (20 events):
Event: 2.390 Thread 0x00000174d2e9e000 Uncommon trap: trap_request=0xffffffde fr.pc=0x00000174de49e170 relative=0x00000000000003d0
Event: 2.390 Thread 0x00000174d2e9e000 Uncommon trap: reason=class_check action=maybe_recompile pc=0x00000174de49e170 method=java.util.regex.Matcher.match(II)Z @ 121 c2
Event: 2.390 Thread 0x00000174d2e9e000 DEOPT PACKING pc=0x00000174de49e170 sp=0x0000001f2fafd430
Event: 2.390 Thread 0x00000174d2e9e000 DEOPT UNPACKING pc=0x00000174d6a0a1af sp=0x0000001f2fafd3d8 mode 2
Event: 2.391 Thread 0x00000174d2e9e000 Uncommon trap: trap_request=0xffffffde fr.pc=0x00000174de49e170 relative=0x00000000000003d0
Event: 2.391 Thread 0x00000174d2e9e000 Uncommon trap: reason=class_check action=maybe_recompile pc=0x00000174de49e170 method=java.util.regex.Matcher.match(II)Z @ 121 c2
Event: 2.391 Thread 0x00000174d2e9e000 DEOPT PACKING pc=0x00000174de49e170 sp=0x0000001f2fafd430
Event: 2.391 Thread 0x00000174d2e9e000 DEOPT UNPACKING pc=0x00000174d6a0a1af sp=0x0000001f2fafd3d8 mode 2
Event: 2.392 Thread 0x00000174d2e9e000 Uncommon trap: trap_request=0xffffffde fr.pc=0x00000174de49e170 relative=0x00000000000003d0
Event: 2.392 Thread 0x00000174d2e9e000 Uncommon trap: reason=class_check action=maybe_recompile pc=0x00000174de49e170 method=java.util.regex.Matcher.match(II)Z @ 121 c2
Event: 2.392 Thread 0x00000174d2e9e000 DEOPT PACKING pc=0x00000174de49e170 sp=0x0000001f2fafd2b0
Event: 2.392 Thread 0x00000174d2e9e000 DEOPT UNPACKING pc=0x00000174d6a0a1af sp=0x0000001f2fafd258 mode 2
Event: 2.392 Thread 0x00000174d2e9e000 Uncommon trap: trap_request=0xffffffde fr.pc=0x00000174de49e170 relative=0x00000000000003d0
Event: 2.392 Thread 0x00000174d2e9e000 Uncommon trap: reason=class_check action=maybe_recompile pc=0x00000174de49e170 method=java.util.regex.Matcher.match(II)Z @ 121 c2
Event: 2.392 Thread 0x00000174d2e9e000 DEOPT PACKING pc=0x00000174de49e170 sp=0x0000001f2fafd2b0
Event: 2.392 Thread 0x00000174d2e9e000 DEOPT UNPACKING pc=0x00000174d6a0a1af sp=0x0000001f2fafd258 mode 2
Event: 2.406 Thread 0x00000174d2e9e000 Uncommon trap: trap_request=0xffffff4d fr.pc=0x00000174de4c21d4 relative=0x0000000000000214
Event: 2.406 Thread 0x00000174d2e9e000 Uncommon trap: reason=unstable_if action=reinterpret pc=0x00000174de4c21d4 method=java.util.HashMap.hash(Ljava/lang/Object;)I @ 1 c2
Event: 2.406 Thread 0x00000174d2e9e000 DEOPT PACKING pc=0x00000174de4c21d4 sp=0x0000001f2fafd390
Event: 2.406 Thread 0x00000174d2e9e000 DEOPT UNPACKING pc=0x00000174d6a0a1af sp=0x0000001f2fafd2c8 mode 2

Classes redefined (0 events):
No events

Internal exceptions (6 events):
Event: 0.530 Thread 0x00000174d2e9e000 Exception <a 'java/lang/NoSuchMethodError'{0x0000000089a8be18}: 'int java.lang.invoke.DirectMethodHandle$Holder.invokeSpecialIFC(java.lang.Object, java.lang.Object, int)'> (0x0000000089a8be18) thrown at [./src/hotspot/share/interpreter/linkResolver.cpp, line 773]
Event: 0.735 Thread 0x00000174d2e9e000 Exception <a 'java/lang/NoSuchMethodError'{0x00000000898186a8}: 'int java.lang.invoke.DirectMethodHandle$Holder.invokeStaticInit(java.lang.Object, java.lang.Object)'> (0x00000000898186a8) thrown at [./src/hotspot/share/interpreter/linkResolver.cpp, line 773]
Event: 0.835 Thread 0x00000174d2e9e000 Exception <a 'java/lang/NoSuchMethodError'{0x00000000898e8660}: 'int java.lang.invoke.DirectMethodHandle$Holder.invokeSpecial(java.lang.Object, java.lang.Object, java.lang.Object, java.lang.Object)'> (0x00000000898e8660) thrown at [./src/hotspot/share/interpreter/linkResolver.cpp, line 773]
Event: 2.406 Thread 0x00000174d2e9e000 Implicit null exception at 0x00000174de4c1ff5 to 0x00000174de4c21c4
Event: 2.503 Thread 0x00000174d2e9e000 Exception <a 'java/lang/NoClassDefFoundError'{0x000000008921aa00}: org/slf4j/impl/StaticMarkerBinder> (0x000000008921aa00) thrown at [./src/hotspot/share/classfile/systemDictionary.cpp, line 220]
Event: 2.651 Thread 0x00000174d2e9e000 Exception <a 'java/lang/NoSuchMethodError'{0x000000008910c220}: 'java.lang.Object java.lang.invoke.DirectMethodHandle$Holder.invokeVirtual(java.lang.Object, java.lang.Object, java.lang.Object, java.lang.Object, java.lang.Object, java.lang.Object, java.lang.Object)'> (0x000000008910c220) thrown at [./src/hotspot/share/interpreter/linkResolver.cpp, line 773]

Events (20 events):
Event: 2.638 loading class org/gradle/internal/nativeintegration/filesystem/FileModeAccessor
Event: 2.638 loading class org/gradle/internal/nativeintegration/filesystem/FileModeAccessor done
Event: 2.638 loading class org/gradle/internal/nativeintegration/filesystem/FileModeMutator
Event: 2.638 loading class org/gradle/internal/nativeintegration/filesystem/FileModeMutator done
Event: 2.639 loading class org/gradle/internal/nativeintegration/filesystem/FileSystem
Event: 2.639 loading class org/gradle/internal/nativeintegration/filesystem/FileSystem done
Event: 2.639 loading class org/gradle/internal/file/Chmod
Event: 2.639 loading class org/gradle/internal/file/Chmod done
Event: 2.640 loading class org/gradle/internal/file/Stat
Event: 2.640 loading class org/gradle/internal/file/Stat done
Event: 2.642 loading class org/gradle/internal/nativeintegration/filesystem/FileCanonicalizer
Event: 2.642 loading class org/gradle/internal/nativeintegration/filesystem/FileCanonicalizer done
Event: 2.642 loading class org/gradle/api/internal/file/temp/TemporaryFileProvider
Event: 2.642 loading class org/gradle/api/internal/file/temp/TemporaryFileProvider done
Event: 2.649 loading class org/gradle/internal/nativeintegration/filesystem/services/GenericFileSystem$Factory
Event: 2.649 loading class org/gradle/internal/nativeintegration/filesystem/services/GenericFileSystem$Factory done
Event: 2.649 loading class org/gradle/internal/service/MethodHandleBasedServiceMethod
Event: 2.649 loading class org/gradle/internal/service/MethodHandleBasedServiceMethod done
Event: 2.651 loading class org/gradle/internal/service/DefaultServiceRegistry$1
Event: 2.651 loading class org/gradle/internal/service/DefaultServiceRegistry$1 done


Dynamic libraries:
0x00007ff6c8de0000 - 0x00007ff6c8dea000 	D:\Downloads\Android-studio\jre\bin\java.exe
0x00007ff9ea290000 - 0x00007ff9ea488000 	C:\WINDOWS\SYSTEM32\ntdll.dll
0x00007ff9e9bd0000 - 0x00007ff9e9c8f000 	C:\WINDOWS\System32\KERNEL32.DLL
0x00007ff9e7e10000 - 0x00007ff9e8106000 	C:\WINDOWS\System32\KERNELBASE.dll
0x00007ff9e7cc0000 - 0x00007ff9e7dc0000 	C:\WINDOWS\System32\ucrtbase.dll
0x00007ff9db450000 - 0x00007ff9db469000 	D:\Downloads\Android-studio\jre\bin\jli.dll
0x00007ff9e9880000 - 0x00007ff9e9a1d000 	C:\WINDOWS\System32\USER32.dll
0x00007ff9e82c0000 - 0x00007ff9e82e2000 	C:\WINDOWS\System32\win32u.dll
0x00007ff9e9ba0000 - 0x00007ff9e9bcc000 	C:\WINDOWS\System32\GDI32.dll
0x00007ff9e7ad0000 - 0x00007ff9e7be5000 	C:\WINDOWS\System32\gdi32full.dll
0x00007ff9e7c20000 - 0x00007ff9e7cbd000 	C:\WINDOWS\System32\msvcp_win.dll
0x00007ff9db430000 - 0x00007ff9db447000 	D:\Downloads\Android-studio\jre\bin\VCRUNTIME140.dll
0x00007ff9d3c20000 - 0x00007ff9d3eba000 	C:\WINDOWS\WinSxS\amd64_microsoft.windows.common-controls_6595b64144ccf1df_6.0.19041.1110_none_60b5254171f9507e\COMCTL32.dll
0x00007ff9e96d0000 - 0x00007ff9e976e000 	C:\WINDOWS\System32\msvcrt.dll
0x00007ff9e9d00000 - 0x00007ff9e9d30000 	C:\WINDOWS\System32\IMM32.DLL
0x00007ff9c76e0000 - 0x00007ff9c777d000 	D:\Downloads\Android-studio\jre\bin\msvcp140.dll
0x00007ff9aa8f0000 - 0x00007ff9ab3f2000 	D:\Downloads\Android-studio\jre\bin\server\jvm.dll
0x00007ff9ea140000 - 0x00007ff9ea1ef000 	C:\WINDOWS\System32\ADVAPI32.dll
0x00007ff9e9aa0000 - 0x00007ff9e9b3c000 	C:\WINDOWS\System32\sechost.dll
0x00007ff9e9320000 - 0x00007ff9e9446000 	C:\WINDOWS\System32\RPCRT4.dll
0x00007ff9e82f0000 - 0x00007ff9e82f8000 	C:\WINDOWS\System32\PSAPI.DLL
0x00007ff9ac0d0000 - 0x00007ff9ac0d9000 	C:\WINDOWS\SYSTEM32\WSOCK32.dll
0x00007ff9e9c90000 - 0x00007ff9e9cfb000 	C:\WINDOWS\System32\WS2_32.dll
0x00007ff9c6b70000 - 0x00007ff9c6b97000 	C:\WINDOWS\SYSTEM32\WINMM.dll
0x00007ff9dcf10000 - 0x00007ff9dcf1a000 	C:\WINDOWS\SYSTEM32\VERSION.dll
0x00007ff9e61c0000 - 0x00007ff9e61d2000 	C:\WINDOWS\SYSTEM32\kernel.appcore.dll
0x00007ff9cfc30000 - 0x00007ff9cfc41000 	D:\Downloads\Android-studio\jre\bin\verify.dll
0x00007ff9e5800000 - 0x00007ff9e59e4000 	C:\WINDOWS\SYSTEM32\DBGHELP.DLL
0x00007ff9d40a0000 - 0x00007ff9d40d4000 	C:\WINDOWS\SYSTEM32\dbgcore.DLL
0x00007ff9e8230000 - 0x00007ff9e82b2000 	C:\WINDOWS\System32\bcryptPrimitives.dll
0x00007ff9cc110000 - 0x00007ff9cc139000 	D:\Downloads\Android-studio\jre\bin\java.dll
0x00007ff9df1f0000 - 0x00007ff9df1fb000 	D:\Downloads\Android-studio\jre\bin\jimage.dll
0x00007ff9cfc10000 - 0x00007ff9cfc28000 	D:\Downloads\Android-studio\jre\bin\zip.dll
0x00007ff9e8400000 - 0x00007ff9e8b44000 	C:\WINDOWS\System32\SHELL32.dll
0x00007ff9e59f0000 - 0x00007ff9e6183000 	C:\WINDOWS\SYSTEM32\windows.storage.dll
0x00007ff9e8fc0000 - 0x00007ff9e9314000 	C:\WINDOWS\System32\combase.dll
0x00007ff9e7360000 - 0x00007ff9e738e000 	C:\WINDOWS\SYSTEM32\Wldp.dll
0x00007ff9e97d0000 - 0x00007ff9e987d000 	C:\WINDOWS\System32\SHCORE.dll
0x00007ff9e9770000 - 0x00007ff9e97c5000 	C:\WINDOWS\System32\shlwapi.dll
0x00007ff9e78b0000 - 0x00007ff9e78cf000 	C:\WINDOWS\SYSTEM32\profapi.dll
0x00007ff9cc0f0000 - 0x00007ff9cc10a000 	D:\Downloads\Android-studio\jre\bin\net.dll
0x00007ff9dca60000 - 0x00007ff9dcb6a000 	C:\WINDOWS\SYSTEM32\WINHTTP.dll
0x00007ff9e70c0000 - 0x00007ff9e712a000 	C:\WINDOWS\system32\mswsock.dll
0x00007ff9c87d0000 - 0x00007ff9c87e4000 	D:\Downloads\Android-studio\jre\bin\nio.dll

dbghelp: loaded successfully - version: 4.0.5 - missing functions: none
symbol engine: initialized successfully - sym options: 0x614 - pdb path: .;D:\Downloads\Android-studio\jre\bin;C:\WINDOWS\SYSTEM32;C:\WINDOWS\WinSxS\amd64_microsoft.windows.common-controls_6595b64144ccf1df_6.0.19041.1110_none_60b5254171f9507e;D:\Downloads\Android-studio\jre\bin\server

VM Arguments:
jvm_args: -Dorg.gradle.appname=gradlew 
java_command: org.gradle.wrapper.GradleWrapperMain -q -Ptarget-platform=android-arm64 -Ptarget=D:\Projects\Flutter Projects\Residentapp-2-27-2023-main\lib\main.dart -Pbase-application-name=android.app.Application -Pdart-defines=RkxVVFRFUl9XRUJfQVVUT19ERVRFQ1Q9dHJ1ZQ==,RkxVVFRFUl9XRUJfQ0FOVkFTS0lUX1VSTD1odHRwczovL3d3dy5nc3RhdGljLmNvbS9mbHV0dGVyLWNhbnZhc2tpdC9iNGZiMTEyMTRkZDJkZGE2Y2UwMTJkZDk4ZWE0OThlOWU4YjkxMjYyLw== -Pdart-obfuscation=false -Ptrack-widget-creation=true -Ptree-shake-icons=false -Pfilesystem-scheme=org-dartlang-root assembleDebug
java_class_path (initial): D:\Projects\Flutter Projects\Residentapp-2-27-2023-main\android\\gradle\wrapper\gradle-wrapper.jar
Launcher Type: SUN_STANDARD

[Global flags]
     intx CICompilerCount                          = 3                                         {product} {ergonomic}
     uint ConcGCThreads                            = 1                                         {product} {ergonomic}
     uint G1ConcRefinementThreads                  = 4                                         {product} {ergonomic}
   size_t G1HeapRegionSize                         = 1048576                                   {product} {ergonomic}
    uintx GCDrainStackTargetSize                   = 64                                        {product} {ergonomic}
   size_t InitialHeapSize                          = 134217728                                 {product} {ergonomic}
   size_t MarkStackSize                            = 4194304                                   {product} {ergonomic}
   size_t MaxHeapSize                              = 2118123520                                {product} {ergonomic}
   size_t MaxNewSize                               = 1270874112                                {product} {ergonomic}
   size_t MinHeapDeltaBytes                        = 1048576                                   {product} {ergonomic}
    uintx NonNMethodCodeHeapSize                   = 5830732                                {pd product} {ergonomic}
    uintx NonProfiledCodeHeapSize                  = 122913754                              {pd product} {ergonomic}
    uintx ProfiledCodeHeapSize                     = 122913754                              {pd product} {ergonomic}
    uintx ReservedCodeCacheSize                    = 251658240                              {pd product} {ergonomic}
     bool SegmentedCodeCache                       = true                                      {product} {ergonomic}
     bool UseCompressedClassPointers               = true                                 {lp64_product} {ergonomic}
     bool UseCompressedOops                        = true                                 {lp64_product} {ergonomic}
     bool UseG1GC                                  = true                                      {product} {ergonomic}
     bool UseLargePagesIndividualAllocation        = false                                  {pd product} {ergonomic}

Logging:
Log output configuration:
 #0: stdout all=warning uptime,level,tags
 #1: stderr all=off uptime,level,tags

Environment Variables:
JAVA_HOME=D:\Downloads\Android-studio\jre
CLASSPATH=D:\Projects\Flutter Projects\Residentapp-2-27-2023-main\android\\gradle\wrapper\gradle-wrapper.jar
PATH=C:\Program Files\Common Files\Oracle\Java\javapath;C:\WINDOWS\system32;C:\WINDOWS;C:\WINDOWS\System32\Wbem;C:\WINDOWS\System32\WindowsPowerShell\v1.0\;C:\WINDOWS\System32\OpenSSH\;C:\Program Files (x86)\Intel\Intel(R) Management Engine Components\DAL;C:\Program Files\Intel\Intel(R) Management Engine Components\DAL;D:\Downloads\xamp setup\php;C:\ProgramData\ComposerSetup\bin;C:\Users\wiz tech\AppData\Local\Microsoft\WindowsApps;D:\Downloads\flutter\bin;D:\Downloads\bin;D:\Downloads\visual studio\vscode\bin;D:\Downloads\Visual studio\bin;D:\Downloads\visual studio\visualcodesetup\bin;C:\Users\wiz tech\AppData\Local\GitHubDesktop\bin;D:\Downloads\android-sdk\platform-tools;C:\Users\wiz tech\AppData\Local\Pub\Cache\bin;C:\Users\wiz tech\AppData\Local\Pub\Cache\bin;C:\Users\wiz tech\AppData\Roaming\Composer\vendor\bin;D:\Downloads\flutter\bin\mingit\cmd
USERNAME=Zarish
OS=Windows_NT
PROCESSOR_IDENTIFIER=Intel64 Family 6 Model 78 Stepping 3, GenuineIntel



---------------  S Y S T E M  ---------------

OS: Windows 10 , 64 bit Build 19041 (10.0.19041.2913)
OS uptime: 1 days 8:44 hours

CPU:total 4 (initial active 4) (2 cores per cpu, 2 threads per core) family 6 model 78 stepping 3 microcode 0xf0, cmov, cx8, fxsr, mmx, sse, sse2, sse3, ssse3, sse4.1, sse4.2, popcnt, avx, avx2, aes, clmul, erms, rtm, 3dnowpref, lzcnt, ht, tsc, tscinvbit, bmi1, bmi2, adx, fma

Memory: 4k page, system-wide physical 8072M (337M free)
TotalPageFile size 12168M (AvailPageFile size 4M)
current process WorkingSet (physical memory assigned to process): 76M, peak: 76M
current process commit charge ("private bytes"): 215M, peak: 215M

vm_info: OpenJDK 64-Bit Server VM (11.0.13+0-b1751.21-8125866) for windows-amd64 JRE (11.0.13+0-b1751.21-8125866), built on Feb  2 2022 03:00:22 by "builder" with MS VC++ 14.0 (VS2015)

END.
