#
# There is insufficient memory for the Java Runtime Environment to continue.
# Native memory allocation (malloc) failed to allocate 32744 bytes for ChunkPool::allocate
# Possible reasons:
#   The system is out of physical RAM or swap space
#   The process is running with CompressedOops enabled, and the Java Heap may be blocking the growth of the native heap
# Possible solutions:
#   Reduce memory load on the system
#   Increase physical memory or swap space
#   Check if swap backing store is full
#   Decrease Java heap size (-Xmx/-Xms)
#   Decrease number of Java threads
#   Decrease Java thread stack sizes (-Xss)
#   Set larger code cache with -XX:ReservedCodeCacheSize=
#   JVM is running with Unscaled Compressed Oops mode in which the Java heap is
#     placed in the first 4GB address space. The Java Heap base address is the
#     maximum limit for the native heap growth. Please use -XX:HeapBaseMinAddress
#     to set the Java Heap base and to place the Java Heap above 4GB virtual address.
# This output file may be truncated or incomplete.
#
#  Out of Memory Error (./src/hotspot/share/memory/arena.cpp:81), pid=2428, tid=10396
#
# JRE version: OpenJDK Runtime Environment (11.0.13) (build 11.0.13+0-b1751.21-8125866)
# Java VM: OpenJDK 64-Bit Server VM (11.0.13+0-b1751.21-8125866, mixed mode, tiered, compressed oops, g1 gc, windows-amd64)
# No core dump will be written. Minidumps are not enabled by default on client versions of Windows
#

---------------  S U M M A R Y ------------

Command Line: -Dorg.gradle.appname=gradlew org.gradle.wrapper.GradleWrapperMain -q -Ptarget-platform=android-arm64 -Ptarget=D:\Projects\Flutter Projects\Residentapp-2-27-2023-main\lib\main.dart -Pbase-application-name=android.app.Application -Pdart-defines=RkxVVFRFUl9XRUJfQVVUT19ERVRFQ1Q9dHJ1ZQ==,RkxVVFRFUl9XRUJfQ0FOVkFTS0lUX1VSTD1odHRwczovL3d3dy5nc3RhdGljLmNvbS9mbHV0dGVyLWNhbnZhc2tpdC9iNGZiMTEyMTRkZDJkZGE2Y2UwMTJkZDk4ZWE0OThlOWU4YjkxMjYyLw== -Pdart-obfuscation=false -Ptrack-widget-creation=true -Ptree-shake-icons=false -Pfilesystem-scheme=org-dartlang-root assembleDebug

Host: Intel(R) Core(TM) i5-6300U CPU @ 2.40GHz, 4 cores, 7G,  Windows 10 , 64 bit Build 19041 (10.0.19041.2913)
Time: Sat May 20 23:29:17 2023 Pakistan Standard Time elapsed time: 92.151690 seconds (0d 0h 1m 32s)

---------------  T H R E A D  ---------------

Current thread (0x000001b8cff3a000):  JavaThread "C1 CompilerThread0" daemon [_thread_in_native, id=10396, stack(0x000000170db00000,0x000000170dc00000)]


Current CompileTask:
C1:  92151 1317       3      
[error occurred during error reporting (printing current compile task), id 0xe0000001, Out of Memory Error (./src/hotspot/share/memory/arena.cpp:81)]

Stack: [0x000000170db00000,0x000000170dc00000]
Native frames: (J=compiled Java code, j=interpreted, Vv=VM code, C=native code)
V  [jvm.dll+0x6100fa]
V  [jvm.dll+0x747090]
V  [jvm.dll+0x7486ad]
V  [jvm.dll+0x748d83]
V  [jvm.dll+0x24ab48]
V  [jvm.dll+0xc075b]
V  [jvm.dll+0xc0a0c]
V  [jvm.dll+0x6d8b3a]
V  [jvm.dll+0x6d8c89]
V  [jvm.dll+0x4e5222]
V  [jvm.dll+0x5c6e49]
V  [jvm.dll+0x215a15]
V  [jvm.dll+0x215e27]
V  [jvm.dll+0x746f2e]
V  [jvm.dll+0x7486ad]
V  [jvm.dll+0x748d83]
V  [jvm.dll+0x24ab48]
V  [jvm.dll+0xc075b]
V  [jvm.dll+0xc0a0c]
V  [jvm.dll+0x16dbe2]
V  [jvm.dll+0x16d894]
V  [jvm.dll+0x16c5d7]
V  [jvm.dll+0x16c73c]
V  [jvm.dll+0x16f0fa]
V  [jvm.dll+0x128d5c]
V  [jvm.dll+0x128869]
V  [jvm.dll+0x1289d3]
V  [jvm.dll+0x127ce7]
V  [jvm.dll+0x1298b7]
V  [jvm.dll+0x21106b]
V  [jvm.dll+0x20f8c1]
V  [jvm.dll+0x70de0f]
V  [jvm.dll+0x706a75]
V  [jvm.dll+0x60ed66]
C  [ucrtbase.dll+0x21bb2]
C  [KERNEL32.DLL+0x17614]
C  [ntdll.dll+0x526a1]


---------------  P R O C E S S  ---------------

Threads class SMR info:
_java_thread_list=0x000001b8d1802f70, length=13, elements={
0x000001b8b63dd800, 0x000001b8cff17000, 0x000001b8cff19000, 0x000001b8cff33800,
0x000001b8cff34000, 0x000001b8cff36000, 0x000001b8cff39000, 0x000001b8cff3a000,
0x000001b8cff3f800, 0x000001b8d09e4000, 0x000001b8d0feb800, 0x000001b8d13fd800,
0x000001b8d1459800
}

Java Threads: ( => current thread )
  0x000001b8b63dd800 JavaThread "main" [_thread_in_native, id=15092, stack(0x000000170ce00000,0x000000170cf00000)]
  0x000001b8cff17000 JavaThread "Reference Handler" daemon [_thread_blocked, id=13392, stack(0x000000170d500000,0x000000170d600000)]
  0x000001b8cff19000 JavaThread "Finalizer" daemon [_thread_blocked, id=12188, stack(0x000000170d600000,0x000000170d700000)]
  0x000001b8cff33800 JavaThread "Signal Dispatcher" daemon [_thread_blocked, id=1264, stack(0x000000170d700000,0x000000170d800000)]
  0x000001b8cff34000 JavaThread "Attach Listener" daemon [_thread_blocked, id=8472, stack(0x000000170d800000,0x000000170d900000)]
  0x000001b8cff36000 JavaThread "Service Thread" daemon [_thread_blocked, id=12764, stack(0x000000170d900000,0x000000170da00000)]
  0x000001b8cff39000 JavaThread "C2 CompilerThread0" daemon [_thread_blocked, id=16444, stack(0x000000170da00000,0x000000170db00000)]
=>0x000001b8cff3a000 JavaThread "C1 CompilerThread0" daemon [_thread_in_native, id=10396, stack(0x000000170db00000,0x000000170dc00000)]
  0x000001b8cff3f800 JavaThread "Sweeper thread" daemon [_thread_blocked, id=12784, stack(0x000000170dc00000,0x000000170dd00000)]
  0x000001b8d09e4000 JavaThread "Common-Cleaner" daemon [_thread_blocked, id=13424, stack(0x000000170de00000,0x000000170df00000)]
  0x000001b8d0feb800 JavaThread "pool-1-thread-1" [_thread_blocked, id=16440, stack(0x000000170e100000,0x000000170e200000)]
  0x000001b8d13fd800 JavaThread "DisconnectableInputStream source reader" daemon [_thread_in_native, id=18476, stack(0x000000170e300000,0x000000170e400000)]
  0x000001b8d1459800 JavaThread "Forward input" [_thread_blocked, id=14256, stack(0x000000170e400000,0x000000170e500000)]

Other Threads:
  0x000001b8cfef2000 VMThread "VM Thread" [stack: 0x000000170d400000,0x000000170d500000] [id=17148]
  0x000001b8d09db000 WatcherThread [stack: 0x000000170dd00000,0x000000170de00000] [id=5452]
  0x000001b8b63f6000 GCTaskThread "GC Thread#0" [stack: 0x000000170cf00000,0x000000170d000000] [id=12204]
  0x000001b8d0c79000 GCTaskThread "GC Thread#1" [stack: 0x000000170df00000,0x000000170e000000] [id=12396]
  0x000001b8d0c7a000 GCTaskThread "GC Thread#2" [stack: 0x000000170e000000,0x000000170e100000] [id=13108]
  0x000001b8b6425800 ConcurrentGCThread "G1 Main Marker" [stack: 0x000000170d000000,0x000000170d100000] [id=9112]
  0x000001b8b6427000 ConcurrentGCThread "G1 Conc#0" [stack: 0x000000170d100000,0x000000170d200000] [id=11372]
  0x000001b8b64b6800 ConcurrentGCThread "G1 Refine#0" [stack: 0x000000170d200000,0x000000170d300000] [id=17212]
  0x000001b8b64b9800 ConcurrentGCThread "G1 Young RemSet Sampling" [stack: 0x000000170d300000,0x000000170d400000] [id=10660]

Threads with active compile tasks:
C1 CompilerThread0  92224 1317       3       java.lang.reflect.AccessibleObject::checkCanSetAccessible (386 bytes)

VM state:not at safepoint (normal execution)

VM Mutex/Monitor currently owned by a thread: None

Heap address: 0x0000000081c00000, size: 2020 MB, Compressed Oops mode: 32-bit
Narrow klass base: 0x0000000000000000, Narrow klass shift: 3
Compressed class space size: 1073741824 Address: 0x0000000100000000

Heap:
 garbage-first heap   total 131072K, used 23621K [0x0000000081c00000, 0x0000000100000000)
  region size 1024K, 17 young (17408K), 2 survivors (2048K)
 Metaspace       used 15136K, capacity 15451K, committed 15744K, reserved 1062912K
  class space    used 1708K, capacity 1834K, committed 1920K, reserved 1048576K
Heap Regions: E=young(eden), S=young(survivor), O=old, HS=humongous(starts), HC=humongous(continues), CS=collection set, F=free, A=archive, TAMS=top-at-mark-start (previous, next)
|   0|0x0000000081c00000, 0x0000000081d00000, 0x0000000081d00000|100%|HS|  |TAMS 0x0000000081c00000, 0x0000000081c00000| Complete 
|   1|0x0000000081d00000, 0x0000000081e00000, 0x0000000081e00000|100%|HC|  |TAMS 0x0000000081d00000, 0x0000000081d00000| Complete 
|   2|0x0000000081e00000, 0x0000000081f00000, 0x0000000081f00000|100%|HC|  |TAMS 0x0000000081e00000, 0x0000000081e00000| Complete 
|   3|0x0000000081f00000, 0x0000000082000000, 0x0000000082000000|100%| O|  |TAMS 0x0000000081f00000, 0x0000000081f00000| Untracked 
|   4|0x0000000082000000, 0x0000000082100000, 0x0000000082100000|100%| O|  |TAMS 0x0000000082000000, 0x0000000082000000| Untracked 
|   5|0x0000000082100000, 0x0000000082200000, 0x0000000082200000|100%| O|  |TAMS 0x0000000082100000, 0x0000000082100000| Untracked 
|   6|0x0000000082200000, 0x0000000082300000, 0x0000000082300000|100%| O|  |TAMS 0x0000000082200000, 0x0000000082200000| Untracked 
|   7|0x0000000082300000, 0x0000000082311400, 0x0000000082400000|  6%| O|  |TAMS 0x0000000082300000, 0x0000000082300000| Untracked 
|   8|0x0000000082400000, 0x0000000082400000, 0x0000000082500000|  0%| F|  |TAMS 0x0000000082400000, 0x0000000082400000| Untracked 
|   9|0x0000000082500000, 0x0000000082500000, 0x0000000082600000|  0%| F|  |TAMS 0x0000000082500000, 0x0000000082500000| Untracked 
|  10|0x0000000082600000, 0x0000000082600000, 0x0000000082700000|  0%| F|  |TAMS 0x0000000082600000, 0x0000000082600000| Untracked 
|  11|0x0000000082700000, 0x0000000082700000, 0x0000000082800000|  0%| F|  |TAMS 0x0000000082700000, 0x0000000082700000| Untracked 
|  12|0x0000000082800000, 0x0000000082800000, 0x0000000082900000|  0%| F|  |TAMS 0x0000000082800000, 0x0000000082800000| Untracked 
|  13|0x0000000082900000, 0x0000000082900000, 0x0000000082a00000|  0%| F|  |TAMS 0x0000000082900000, 0x0000000082900000| Untracked 
|  14|0x0000000082a00000, 0x0000000082a00000, 0x0000000082b00000|  0%| F|  |TAMS 0x0000000082a00000, 0x0000000082a00000| Untracked 
|  15|0x0000000082b00000, 0x0000000082b00000, 0x0000000082c00000|  0%| F|  |TAMS 0x0000000082b00000, 0x0000000082b00000| Untracked 
|  16|0x0000000082c00000, 0x0000000082c00000, 0x0000000082d00000|  0%| F|  |TAMS 0x0000000082c00000, 0x0000000082c00000| Untracked 
|  17|0x0000000082d00000, 0x0000000082d00000, 0x0000000082e00000|  0%| F|  |TAMS 0x0000000082d00000, 0x0000000082d00000| Untracked 
|  18|0x0000000082e00000, 0x0000000082e00000, 0x0000000082f00000|  0%| F|  |TAMS 0x0000000082e00000, 0x0000000082e00000| Untracked 
|  19|0x0000000082f00000, 0x0000000082f00000, 0x0000000083000000|  0%| F|  |TAMS 0x0000000082f00000, 0x0000000082f00000| Untracked 
|  20|0x0000000083000000, 0x0000000083000000, 0x0000000083100000|  0%| F|  |TAMS 0x0000000083000000, 0x0000000083000000| Untracked 
|  21|0x0000000083100000, 0x0000000083100000, 0x0000000083200000|  0%| F|  |TAMS 0x0000000083100000, 0x0000000083100000| Untracked 
|  22|0x0000000083200000, 0x0000000083200000, 0x0000000083300000|  0%| F|  |TAMS 0x0000000083200000, 0x0000000083200000| Untracked 
|  23|0x0000000083300000, 0x0000000083300000, 0x0000000083400000|  0%| F|  |TAMS 0x0000000083300000, 0x0000000083300000| Untracked 
|  24|0x0000000083400000, 0x0000000083400000, 0x0000000083500000|  0%| F|  |TAMS 0x0000000083400000, 0x0000000083400000| Untracked 
|  25|0x0000000083500000, 0x0000000083500000, 0x0000000083600000|  0%| F|  |TAMS 0x0000000083500000, 0x0000000083500000| Untracked 
|  26|0x0000000083600000, 0x0000000083600000, 0x0000000083700000|  0%| F|  |TAMS 0x0000000083600000, 0x0000000083600000| Untracked 
|  27|0x0000000083700000, 0x0000000083700000, 0x0000000083800000|  0%| F|  |TAMS 0x0000000083700000, 0x0000000083700000| Untracked 
|  28|0x0000000083800000, 0x0000000083800000, 0x0000000083900000|  0%| F|  |TAMS 0x0000000083800000, 0x0000000083800000| Untracked 
|  29|0x0000000083900000, 0x0000000083900000, 0x0000000083a00000|  0%| F|  |TAMS 0x0000000083900000, 0x0000000083900000| Untracked 
|  30|0x0000000083a00000, 0x0000000083a00000, 0x0000000083b00000|  0%| F|  |TAMS 0x0000000083a00000, 0x0000000083a00000| Untracked 
|  31|0x0000000083b00000, 0x0000000083b00000, 0x0000000083c00000|  0%| F|  |TAMS 0x0000000083b00000, 0x0000000083b00000| Untracked 
|  32|0x0000000083c00000, 0x0000000083c00000, 0x0000000083d00000|  0%| F|  |TAMS 0x0000000083c00000, 0x0000000083c00000| Untracked 
|  33|0x0000000083d00000, 0x0000000083d00000, 0x0000000083e00000|  0%| F|  |TAMS 0x0000000083d00000, 0x0000000083d00000| Untracked 
|  34|0x0000000083e00000, 0x0000000083e00000, 0x0000000083f00000|  0%| F|  |TAMS 0x0000000083e00000, 0x0000000083e00000| Untracked 
|  35|0x0000000083f00000, 0x0000000083f00000, 0x0000000084000000|  0%| F|  |TAMS 0x0000000083f00000, 0x0000000083f00000| Untracked 
|  36|0x0000000084000000, 0x0000000084000000, 0x0000000084100000|  0%| F|  |TAMS 0x0000000084000000, 0x0000000084000000| Untracked 
|  37|0x0000000084100000, 0x0000000084100000, 0x0000000084200000|  0%| F|  |TAMS 0x0000000084100000, 0x0000000084100000| Untracked 
|  38|0x0000000084200000, 0x0000000084200000, 0x0000000084300000|  0%| F|  |TAMS 0x0000000084200000, 0x0000000084200000| Untracked 
|  39|0x0000000084300000, 0x0000000084300000, 0x0000000084400000|  0%| F|  |TAMS 0x0000000084300000, 0x0000000084300000| Untracked 
|  40|0x0000000084400000, 0x0000000084400000, 0x0000000084500000|  0%| F|  |TAMS 0x0000000084400000, 0x0000000084400000| Untracked 
|  41|0x0000000084500000, 0x0000000084500000, 0x0000000084600000|  0%| F|  |TAMS 0x0000000084500000, 0x0000000084500000| Untracked 
|  42|0x0000000084600000, 0x0000000084600000, 0x0000000084700000|  0%| F|  |TAMS 0x0000000084600000, 0x0000000084600000| Untracked 
|  43|0x0000000084700000, 0x0000000084700000, 0x0000000084800000|  0%| F|  |TAMS 0x0000000084700000, 0x0000000084700000| Untracked 
|  44|0x0000000084800000, 0x0000000084800000, 0x0000000084900000|  0%| F|  |TAMS 0x0000000084800000, 0x0000000084800000| Untracked 
|  45|0x0000000084900000, 0x0000000084900000, 0x0000000084a00000|  0%| F|  |TAMS 0x0000000084900000, 0x0000000084900000| Untracked 
|  46|0x0000000084a00000, 0x0000000084a00000, 0x0000000084b00000|  0%| F|  |TAMS 0x0000000084a00000, 0x0000000084a00000| Untracked 
|  47|0x0000000084b00000, 0x0000000084b00000, 0x0000000084c00000|  0%| F|  |TAMS 0x0000000084b00000, 0x0000000084b00000| Untracked 
|  48|0x0000000084c00000, 0x0000000084c00000, 0x0000000084d00000|  0%| F|  |TAMS 0x0000000084c00000, 0x0000000084c00000| Untracked 
|  49|0x0000000084d00000, 0x0000000084d00000, 0x0000000084e00000|  0%| F|  |TAMS 0x0000000084d00000, 0x0000000084d00000| Untracked 
|  50|0x0000000084e00000, 0x0000000084e00000, 0x0000000084f00000|  0%| F|  |TAMS 0x0000000084e00000, 0x0000000084e00000| Untracked 
|  51|0x0000000084f00000, 0x0000000084f00000, 0x0000000085000000|  0%| F|  |TAMS 0x0000000084f00000, 0x0000000084f00000| Untracked 
|  52|0x0000000085000000, 0x0000000085000000, 0x0000000085100000|  0%| F|  |TAMS 0x0000000085000000, 0x0000000085000000| Untracked 
|  53|0x0000000085100000, 0x0000000085100000, 0x0000000085200000|  0%| F|  |TAMS 0x0000000085100000, 0x0000000085100000| Untracked 
|  54|0x0000000085200000, 0x0000000085200000, 0x0000000085300000|  0%| F|  |TAMS 0x0000000085200000, 0x0000000085200000| Untracked 
|  55|0x0000000085300000, 0x0000000085300000, 0x0000000085400000|  0%| F|  |TAMS 0x0000000085300000, 0x0000000085300000| Untracked 
|  56|0x0000000085400000, 0x0000000085400000, 0x0000000085500000|  0%| F|  |TAMS 0x0000000085400000, 0x0000000085400000| Untracked 
|  57|0x0000000085500000, 0x0000000085500000, 0x0000000085600000|  0%| F|  |TAMS 0x0000000085500000, 0x0000000085500000| Untracked 
|  58|0x0000000085600000, 0x0000000085600000, 0x0000000085700000|  0%| F|  |TAMS 0x0000000085600000, 0x0000000085600000| Untracked 
|  59|0x0000000085700000, 0x0000000085700000, 0x0000000085800000|  0%| F|  |TAMS 0x0000000085700000, 0x0000000085700000| Untracked 
|  60|0x0000000085800000, 0x0000000085800000, 0x0000000085900000|  0%| F|  |TAMS 0x0000000085800000, 0x0000000085800000| Untracked 
|  61|0x0000000085900000, 0x0000000085900000, 0x0000000085a00000|  0%| F|  |TAMS 0x0000000085900000, 0x0000000085900000| Untracked 
|  62|0x0000000085a00000, 0x0000000085a00000, 0x0000000085b00000|  0%| F|  |TAMS 0x0000000085a00000, 0x0000000085a00000| Untracked 
|  63|0x0000000085b00000, 0x0000000085b00000, 0x0000000085c00000|  0%| F|  |TAMS 0x0000000085b00000, 0x0000000085b00000| Untracked 
|  64|0x0000000085c00000, 0x0000000085c00000, 0x0000000085d00000|  0%| F|  |TAMS 0x0000000085c00000, 0x0000000085c00000| Untracked 
|  65|0x0000000085d00000, 0x0000000085d00000, 0x0000000085e00000|  0%| F|  |TAMS 0x0000000085d00000, 0x0000000085d00000| Untracked 
|  66|0x0000000085e00000, 0x0000000085e00000, 0x0000000085f00000|  0%| F|  |TAMS 0x0000000085e00000, 0x0000000085e00000| Untracked 
|  67|0x0000000085f00000, 0x0000000085f00000, 0x0000000086000000|  0%| F|  |TAMS 0x0000000085f00000, 0x0000000085f00000| Untracked 
|  68|0x0000000086000000, 0x0000000086000000, 0x0000000086100000|  0%| F|  |TAMS 0x0000000086000000, 0x0000000086000000| Untracked 
|  69|0x0000000086100000, 0x0000000086100000, 0x0000000086200000|  0%| F|  |TAMS 0x0000000086100000, 0x0000000086100000| Untracked 
|  70|0x0000000086200000, 0x0000000086200000, 0x0000000086300000|  0%| F|  |TAMS 0x0000000086200000, 0x0000000086200000| Untracked 
|  71|0x0000000086300000, 0x0000000086300000, 0x0000000086400000|  0%| F|  |TAMS 0x0000000086300000, 0x0000000086300000| Untracked 
|  72|0x0000000086400000, 0x0000000086400000, 0x0000000086500000|  0%| F|  |TAMS 0x0000000086400000, 0x0000000086400000| Untracked 
|  73|0x0000000086500000, 0x0000000086500000, 0x0000000086600000|  0%| F|  |TAMS 0x0000000086500000, 0x0000000086500000| Untracked 
|  74|0x0000000086600000, 0x0000000086600000, 0x0000000086700000|  0%| F|  |TAMS 0x0000000086600000, 0x0000000086600000| Untracked 
|  75|0x0000000086700000, 0x0000000086700000, 0x0000000086800000|  0%| F|  |TAMS 0x0000000086700000, 0x0000000086700000| Untracked 
|  76|0x0000000086800000, 0x0000000086800000, 0x0000000086900000|  0%| F|  |TAMS 0x0000000086800000, 0x0000000086800000| Untracked 
|  77|0x0000000086900000, 0x0000000086900000, 0x0000000086a00000|  0%| F|  |TAMS 0x0000000086900000, 0x0000000086900000| Untracked 
|  78|0x0000000086a00000, 0x0000000086a00000, 0x0000000086b00000|  0%| F|  |TAMS 0x0000000086a00000, 0x0000000086a00000| Untracked 
|  79|0x0000000086b00000, 0x0000000086b00000, 0x0000000086c00000|  0%| F|  |TAMS 0x0000000086b00000, 0x0000000086b00000| Untracked 
|  80|0x0000000086c00000, 0x0000000086c00000, 0x0000000086d00000|  0%| F|  |TAMS 0x0000000086c00000, 0x0000000086c00000| Untracked 
|  81|0x0000000086d00000, 0x0000000086d00000, 0x0000000086e00000|  0%| F|  |TAMS 0x0000000086d00000, 0x0000000086d00000| Untracked 
|  82|0x0000000086e00000, 0x0000000086e00000, 0x0000000086f00000|  0%| F|  |TAMS 0x0000000086e00000, 0x0000000086e00000| Untracked 
|  83|0x0000000086f00000, 0x0000000086f00000, 0x0000000087000000|  0%| F|  |TAMS 0x0000000086f00000, 0x0000000086f00000| Untracked 
|  84|0x0000000087000000, 0x0000000087000000, 0x0000000087100000|  0%| F|  |TAMS 0x0000000087000000, 0x0000000087000000| Untracked 
|  85|0x0000000087100000, 0x0000000087100000, 0x0000000087200000|  0%| F|  |TAMS 0x0000000087100000, 0x0000000087100000| Untracked 
|  86|0x0000000087200000, 0x0000000087200000, 0x0000000087300000|  0%| F|  |TAMS 0x0000000087200000, 0x0000000087200000| Untracked 
|  87|0x0000000087300000, 0x0000000087300000, 0x0000000087400000|  0%| F|  |TAMS 0x0000000087300000, 0x0000000087300000| Untracked 
|  88|0x0000000087400000, 0x0000000087400000, 0x0000000087500000|  0%| F|  |TAMS 0x0000000087400000, 0x0000000087400000| Untracked 
|  89|0x0000000087500000, 0x0000000087500000, 0x0000000087600000|  0%| F|  |TAMS 0x0000000087500000, 0x0000000087500000| Untracked 
|  90|0x0000000087600000, 0x0000000087600000, 0x0000000087700000|  0%| F|  |TAMS 0x0000000087600000, 0x0000000087600000| Untracked 
|  91|0x0000000087700000, 0x0000000087700000, 0x0000000087800000|  0%| F|  |TAMS 0x0000000087700000, 0x0000000087700000| Untracked 
|  92|0x0000000087800000, 0x0000000087800000, 0x0000000087900000|  0%| F|  |TAMS 0x0000000087800000, 0x0000000087800000| Untracked 
|  93|0x0000000087900000, 0x0000000087900000, 0x0000000087a00000|  0%| F|  |TAMS 0x0000000087900000, 0x0000000087900000| Untracked 
|  94|0x0000000087a00000, 0x0000000087a00000, 0x0000000087b00000|  0%| F|  |TAMS 0x0000000087a00000, 0x0000000087a00000| Untracked 
|  95|0x0000000087b00000, 0x0000000087b00000, 0x0000000087c00000|  0%| F|  |TAMS 0x0000000087b00000, 0x0000000087b00000| Untracked 
|  96|0x0000000087c00000, 0x0000000087c00000, 0x0000000087d00000|  0%| F|  |TAMS 0x0000000087c00000, 0x0000000087c00000| Untracked 
|  97|0x0000000087d00000, 0x0000000087d00000, 0x0000000087e00000|  0%| F|  |TAMS 0x0000000087d00000, 0x0000000087d00000| Untracked 
|  98|0x0000000087e00000, 0x0000000087e00000, 0x0000000087f00000|  0%| F|  |TAMS 0x0000000087e00000, 0x0000000087e00000| Untracked 
|  99|0x0000000087f00000, 0x0000000087f00000, 0x0000000088000000|  0%| F|  |TAMS 0x0000000087f00000, 0x0000000087f00000| Untracked 
| 100|0x0000000088000000, 0x0000000088000000, 0x0000000088100000|  0%| F|  |TAMS 0x0000000088000000, 0x0000000088000000| Untracked 
| 101|0x0000000088100000, 0x0000000088100000, 0x0000000088200000|  0%| F|  |TAMS 0x0000000088100000, 0x0000000088100000| Untracked 
| 102|0x0000000088200000, 0x0000000088200000, 0x0000000088300000|  0%| F|  |TAMS 0x0000000088200000, 0x0000000088200000| Untracked 
| 103|0x0000000088300000, 0x0000000088300000, 0x0000000088400000|  0%| F|  |TAMS 0x0000000088300000, 0x0000000088300000| Untracked 
| 104|0x0000000088400000, 0x0000000088400000, 0x0000000088500000|  0%| F|  |TAMS 0x0000000088400000, 0x0000000088400000| Untracked 
| 105|0x0000000088500000, 0x0000000088500000, 0x0000000088600000|  0%| F|  |TAMS 0x0000000088500000, 0x0000000088500000| Untracked 
| 106|0x0000000088600000, 0x0000000088600000, 0x0000000088700000|  0%| F|  |TAMS 0x0000000088600000, 0x0000000088600000| Untracked 
| 107|0x0000000088700000, 0x0000000088700000, 0x0000000088800000|  0%| F|  |TAMS 0x0000000088700000, 0x0000000088700000| Untracked 
| 108|0x0000000088800000, 0x0000000088800000, 0x0000000088900000|  0%| F|  |TAMS 0x0000000088800000, 0x0000000088800000| Untracked 
| 109|0x0000000088900000, 0x0000000088900000, 0x0000000088a00000|  0%| F|  |TAMS 0x0000000088900000, 0x0000000088900000| Untracked 
| 110|0x0000000088a00000, 0x0000000088a00000, 0x0000000088b00000|  0%| F|  |TAMS 0x0000000088a00000, 0x0000000088a00000| Untracked 
| 111|0x0000000088b00000, 0x0000000088c00000, 0x0000000088c00000|100%| E|  |TAMS 0x0000000088b00000, 0x0000000088b00000| Complete 
| 112|0x0000000088c00000, 0x0000000088d00000, 0x0000000088d00000|100%| E|CS|TAMS 0x0000000088c00000, 0x0000000088c00000| Complete 
| 113|0x0000000088d00000, 0x0000000088e00000, 0x0000000088e00000|100%| E|CS|TAMS 0x0000000088d00000, 0x0000000088d00000| Complete 
| 114|0x0000000088e00000, 0x0000000088f00000, 0x0000000088f00000|100%| S|CS|TAMS 0x0000000088e00000, 0x0000000088e00000| Complete 
| 115|0x0000000088f00000, 0x0000000089000000, 0x0000000089000000|100%| S|CS|TAMS 0x0000000088f00000, 0x0000000088f00000| Complete 
| 116|0x0000000089000000, 0x0000000089100000, 0x0000000089100000|100%| E|CS|TAMS 0x0000000089000000, 0x0000000089000000| Complete 
| 117|0x0000000089100000, 0x0000000089200000, 0x0000000089200000|100%| E|CS|TAMS 0x0000000089100000, 0x0000000089100000| Complete 
| 118|0x0000000089200000, 0x0000000089300000, 0x0000000089300000|100%| E|CS|TAMS 0x0000000089200000, 0x0000000089200000| Complete 
| 119|0x0000000089300000, 0x0000000089400000, 0x0000000089400000|100%| E|CS|TAMS 0x0000000089300000, 0x0000000089300000| Complete 
| 120|0x0000000089400000, 0x0000000089500000, 0x0000000089500000|100%| E|CS|TAMS 0x0000000089400000, 0x0000000089400000| Complete 
| 121|0x0000000089500000, 0x0000000089600000, 0x0000000089600000|100%| E|CS|TAMS 0x0000000089500000, 0x0000000089500000| Complete 
| 122|0x0000000089600000, 0x0000000089700000, 0x0000000089700000|100%| E|CS|TAMS 0x0000000089600000, 0x0000000089600000| Complete 
| 123|0x0000000089700000, 0x0000000089800000, 0x0000000089800000|100%| E|CS|TAMS 0x0000000089700000, 0x0000000089700000| Complete 
| 124|0x0000000089800000, 0x0000000089900000, 0x0000000089900000|100%| E|CS|TAMS 0x0000000089800000, 0x0000000089800000| Complete 
| 125|0x0000000089900000, 0x0000000089a00000, 0x0000000089a00000|100%| E|CS|TAMS 0x0000000089900000, 0x0000000089900000| Complete 
| 126|0x0000000089a00000, 0x0000000089b00000, 0x0000000089b00000|100%| E|CS|TAMS 0x0000000089a00000, 0x0000000089a00000| Complete 
| 127|0x0000000089b00000, 0x0000000089c00000, 0x0000000089c00000|100%| E|CS|TAMS 0x0000000089b00000, 0x0000000089b00000| Complete 

Card table byte_map: [0x000001b8c9300000,0x000001b8c9700000] _byte_map_base: 0x000001b8c8ef2000

Marking Bits (Prev, Next): (CMBitMap*) 0x000001b8b641d088, (CMBitMap*) 0x000001b8b641d0c0
 Prev Bits: [0x000001b8c9b00000, 0x000001b8cba90000)
 Next Bits: [0x000001b8cba90000, 0x000001b8cda20000)

Polling page: 0x000001b8b4390000

Metaspace:

Usage:
  Non-class:     13.30 MB capacity,    13.11 MB ( 99%) used,   167.54 KB (  1%) free+waste,    21.00 KB ( <1%) overhead. 
      Class:      1.79 MB capacity,     1.67 MB ( 93%) used,   115.23 KB (  6%) free+waste,    10.25 KB ( <1%) overhead. 
       Both:     15.09 MB capacity,    14.78 MB ( 98%) used,   282.77 KB (  2%) free+waste,    31.25 KB ( <1%) overhead. 

Virtual space:
  Non-class space:       14.00 MB reserved,      13.50 MB ( 96%) committed 
      Class space:        1.00 GB reserved,       1.88 MB ( <1%) committed 
             Both:        1.01 GB reserved,      15.38 MB (  1%) committed 

Chunk freelists:
   Non-Class:  15.00 KB
       Class:  22.00 KB
        Both:  37.00 KB

MaxMetaspaceSize: 17179869184.00 GB
CompressedClassSpaceSize: 1.00 GB
Initial GC threshold: 20.80 MB
Current GC threshold: 20.80 MB
CDS: off

CodeHeap 'non-profiled nmethods': size=120064Kb used=468Kb max_used=468Kb free=119595Kb
 bounds [0x000001b8c19c0000, 0x000001b8c1c30000, 0x000001b8c8f00000]
CodeHeap 'profiled nmethods': size=120000Kb used=2559Kb max_used=2559Kb free=117440Kb
 bounds [0x000001b8ba490000, 0x000001b8ba710000, 0x000001b8c19c0000]
CodeHeap 'non-nmethods': size=5696Kb used=1157Kb max_used=1169Kb free=4539Kb
 bounds [0x000001b8b9f00000, 0x000001b8ba170000, 0x000001b8ba490000]
 total_blobs=1733 nmethods=1316 adapters=330
 compilation: enabled
              stopped_count=0, restarted_count=0
 full_count=0

Compilation events (20 events):
Event: 91.906 Thread 0x000001b8cff3a000 nmethod 1307 0x000001b8ba705e10 code [0x000001b8ba706060, 0x000001b8ba706728]
Event: 91.918 Thread 0x000001b8cff3a000 1308       3       org.gradle.internal.dispatch.ReflectionDispatch::dispatch (9 bytes)
Event: 91.919 Thread 0x000001b8cff3a000 nmethod 1308 0x000001b8ba706a10 code [0x000001b8ba706be0, 0x000001b8ba706e08]
Event: 91.919 Thread 0x000001b8cff3a000 1309   !   3       org.gradle.internal.dispatch.ReflectionDispatch::dispatch (42 bytes)
Event: 91.921 Thread 0x000001b8cff3a000 nmethod 1309 0x000001b8ba706f10 code [0x000001b8ba7071c0, 0x000001b8ba707c98]
Event: 91.921 Thread 0x000001b8cff3a000 1310   !   3       com.sun.proxy.$Proxy0::onOutput (34 bytes)
Event: 91.921 Thread 0x000001b8cff3a000 nmethod 1310 0x000001b8ba708290 code [0x000001b8ba708480, 0x000001b8ba708978]
Event: 91.922 Thread 0x000001b8cff3a000 1311       3       org.gradle.internal.dispatch.ProxyDispatchAdapter$DispatchingInvocationHandler::invoke (184 bytes)
Event: 91.926 Thread 0x000001b8cff3a000 nmethod 1311 0x000001b8ba708b90 code [0x000001b8ba708fe0, 0x000001b8ba70af58]
Event: 91.927 Thread 0x000001b8cff3a000 1312       3       org.gradle.internal.dispatch.MethodInvocation::<init> (25 bytes)
Event: 91.927 Thread 0x000001b8cff3a000 nmethod 1312 0x000001b8ba70b990 code [0x000001b8ba70bb60, 0x000001b8ba70bdd8]
Event: 91.927 Thread 0x000001b8cff3a000 1313       3       org.gradle.internal.event.ListenerBroadcast::dispatch (9 bytes)
Event: 91.927 Thread 0x000001b8cff3a000 nmethod 1313 0x000001b8ba70be90 code [0x000001b8ba70c060, 0x000001b8ba70c388]
Event: 91.927 Thread 0x000001b8cff3a000 1314       3       org.gradle.launcher.daemon.protocol.DaemonMessageSerializer$OutputMessageSerializer::read (21 bytes)
Event: 91.928 Thread 0x000001b8cff3a000 nmethod 1314 0x000001b8ba70c490 code [0x000001b8ba70c680, 0x000001b8ba70cb08]
Event: 91.949 Thread 0x000001b8cff3a000 1315       3       org.gradle.internal.logging.sink.OutputEventTransformer::onOutput (399 bytes)
Event: 91.952 Thread 0x000001b8cff3a000 nmethod 1315 0x000001b8ba70cc90 code [0x000001b8ba70d0a0, 0x000001b8ba70f438]
Event: 92.134 Thread 0x000001b8cff3a000 1316       3       java.util.HashSet::remove (20 bytes)
Event: 92.134 Thread 0x000001b8cff3a000 nmethod 1316 0x000001b8ba70fa90 code [0x000001b8ba70fc60, 0x000001b8ba70fe88]
Event: 92.134 Thread 0x000001b8cff3a000 1317       3       java.lang.reflect.AccessibleObject::checkCanSetAccessible (386 bytes)

GC Heap History (4 events):
Event: 2.171 GC heap before
{Heap before GC invocations=0 (full 0):
 garbage-first heap   total 131072K, used 16384K [0x0000000081c00000, 0x0000000100000000)
  region size 1024K, 14 young (14336K), 0 survivors (0K)
 Metaspace       used 8001K, capacity 8145K, committed 8192K, reserved 1056768K
  class space    used 702K, capacity 754K, committed 768K, reserved 1048576K
}
Event: 2.206 GC heap after
{Heap after GC invocations=1 (full 0):
 garbage-first heap   total 131072K, used 3334K [0x0000000081c00000, 0x0000000100000000)
  region size 1024K, 2 young (2048K), 2 survivors (2048K)
 Metaspace       used 8001K, capacity 8145K, committed 8192K, reserved 1056768K
  class space    used 702K, capacity 754K, committed 768K, reserved 1048576K
}
Event: 3.144 GC heap before
{Heap before GC invocations=1 (full 0):
 garbage-first heap   total 131072K, used 18694K [0x0000000081c00000, 0x0000000100000000)
  region size 1024K, 14 young (14336K), 2 survivors (2048K)
 Metaspace       used 10702K, capacity 10950K, committed 11264K, reserved 1058816K
  class space    used 1112K, capacity 1204K, committed 1280K, reserved 1048576K
}
Event: 3.149 GC heap after
{Heap after GC invocations=2 (full 0):
 garbage-first heap   total 131072K, used 9285K [0x0000000081c00000, 0x0000000100000000)
  region size 1024K, 2 young (2048K), 2 survivors (2048K)
 Metaspace       used 10702K, capacity 10950K, committed 11264K, reserved 1058816K
  class space    used 1112K, capacity 1204K, committed 1280K, reserved 1048576K
}

Deoptimization events (20 events):
Event: 3.904 Thread 0x000001b8b63dd800 Uncommon trap: trap_request=0xffffff4d fr.pc=0x000001b8c1a16f70 relative=0x00000000000001b0
Event: 3.904 Thread 0x000001b8b63dd800 Uncommon trap: reason=unstable_if action=reinterpret pc=0x000001b8c1a16f70 method=java.util.HashMap.getNode(ILjava/lang/Object;)Ljava/util/HashMap$Node; @ 129 c2
Event: 3.904 Thread 0x000001b8b63dd800 DEOPT PACKING pc=0x000001b8c1a16f70 sp=0x000000170cefa5a0
Event: 3.904 Thread 0x000001b8b63dd800 DEOPT UNPACKING pc=0x000001b8b9f4a1af sp=0x000000170cefa4a0 mode 2
Event: 3.904 Thread 0x000001b8b63dd800 Uncommon trap: trap_request=0xffffffc6 fr.pc=0x000001b8c19f8110 relative=0x0000000000000f70
Event: 3.904 Thread 0x000001b8b63dd800 Uncommon trap: reason=bimorphic_or_optimized_type_check action=maybe_recompile pc=0x000001b8c19f8110 method=java.util.HashMap.putVal(ILjava/lang/Object;Ljava/lang/Object;ZZ)Ljava/lang/Object; @ 203 c2
Event: 3.904 Thread 0x000001b8b63dd800 DEOPT PACKING pc=0x000001b8c19f8110 sp=0x000000170cefa500
Event: 3.905 Thread 0x000001b8b63dd800 DEOPT UNPACKING pc=0x000001b8b9f4a1af sp=0x000000170cefa4a0 mode 2
Event: 4.848 Thread 0x000001b8b63dd800 Uncommon trap: trap_request=0xffffff4d fr.pc=0x000001b8c1a11b50 relative=0x0000000000001a70
Event: 4.848 Thread 0x000001b8b63dd800 Uncommon trap: reason=unstable_if action=reinterpret pc=0x000001b8c1a11b50 method=java.io.WinNTFileSystem.normalize(Ljava/lang/String;)Ljava/lang/String; @ 128 c2
Event: 4.848 Thread 0x000001b8b63dd800 DEOPT PACKING pc=0x000001b8c1a11b50 sp=0x000000170cefa0d0
Event: 4.848 Thread 0x000001b8b63dd800 DEOPT UNPACKING pc=0x000001b8b9f4a1af sp=0x000000170cefa0a8 mode 2
Event: 5.863 Thread 0x000001b8b63dd800 Uncommon trap: trap_request=0xffffff4d fr.pc=0x000001b8c19f5e98 relative=0x0000000000000558
Event: 5.863 Thread 0x000001b8b63dd800 Uncommon trap: reason=unstable_if action=reinterpret pc=0x000001b8c19f5e98 method=java.lang.AbstractStringBuilder.append(Ljava/lang/String;)Ljava/lang/AbstractStringBuilder; @ 1 c2
Event: 5.863 Thread 0x000001b8b63dd800 DEOPT PACKING pc=0x000001b8c19f5e98 sp=0x000000170cefc440
Event: 5.863 Thread 0x000001b8b63dd800 DEOPT UNPACKING pc=0x000001b8b9f4a1af sp=0x000000170cefc3c0 mode 2
Event: 5.863 Thread 0x000001b8b63dd800 Uncommon trap: trap_request=0xffffff4d fr.pc=0x000001b8c19f8f78 relative=0x0000000000000538
Event: 5.863 Thread 0x000001b8b63dd800 Uncommon trap: reason=unstable_if action=reinterpret pc=0x000001b8c19f8f78 method=java.lang.AbstractStringBuilder.append(Ljava/lang/String;)Ljava/lang/AbstractStringBuilder; @ 1 c2
Event: 5.863 Thread 0x000001b8b63dd800 DEOPT PACKING pc=0x000001b8c19f8f78 sp=0x000000170cefc3e0
Event: 5.863 Thread 0x000001b8b63dd800 DEOPT UNPACKING pc=0x000001b8b9f4a1af sp=0x000000170cefc3c8 mode 2

Classes redefined (0 events):
No events

Internal exceptions (14 events):
Event: 0.627 Thread 0x000001b8b63dd800 Exception <a 'java/lang/NoSuchMethodError'{0x0000000089a8c108}: 'int java.lang.invoke.DirectMethodHandle$Holder.invokeSpecialIFC(java.lang.Object, java.lang.Object, int)'> (0x0000000089a8c108) thrown at [./src/hotspot/share/interpreter/linkResolver.cpp, line 773]
Event: 0.875 Thread 0x000001b8b63dd800 Exception <a 'java/lang/NoSuchMethodError'{0x00000000898182a8}: 'int java.lang.invoke.DirectMethodHandle$Holder.invokeStaticInit(java.lang.Object, java.lang.Object)'> (0x00000000898182a8) thrown at [./src/hotspot/share/interpreter/linkResolver.cpp, line 773]
Event: 1.065 Thread 0x000001b8b63dd800 Exception <a 'java/lang/NoSuchMethodError'{0x00000000898e7a00}: 'int java.lang.invoke.DirectMethodHandle$Holder.invokeSpecial(java.lang.Object, java.lang.Object, java.lang.Object, java.lang.Object)'> (0x00000000898e7a00) thrown at [./src/hotspot/share/interpreter/linkResolver.cpp, line 773]
Event: 2.888 Thread 0x000001b8b63dd800 Implicit null exception at 0x000001b8c1a022f5 to 0x000001b8c1a024f0
Event: 2.972 Thread 0x000001b8b63dd800 Exception <a 'java/lang/NoClassDefFoundError'{0x000000008921a808}: org/slf4j/impl/StaticMarkerBinder> (0x000000008921a808) thrown at [./src/hotspot/share/classfile/systemDictionary.cpp, line 220]
Event: 3.023 Thread 0x000001b8b63dd800 Exception <a 'java/lang/NoSuchMethodError'{0x000000008910b178}: 'java.lang.Object java.lang.invoke.DirectMethodHandle$Holder.invokeVirtual(java.lang.Object, java.lang.Object, java.lang.Object, java.lang.Object, java.lang.Object, java.lang.Object, java.lang.Object)'> (0x000000008910b178) thrown at [./src/hotspot/share/interpreter/linkResolver.cpp, line 773]
Event: 3.028 Thread 0x000001b8b63dd800 Exception <a 'java/lang/NoSuchMethodError'{0x000000008911ec00}: 'java.lang.Object java.lang.invoke.Invokers$Holder.invoker(java.lang.Object, java.lang.Object, java.lang.Object)'> (0x000000008911ec00) thrown at [./src/hotspot/share/interpreter/linkResolver.cpp, line 773]
Event: 3.036 Thread 0x000001b8b63dd800 Exception <a 'java/lang/NoSuchMethodError'{0x000000008912f880}: 'void java.lang.invoke.DelegatingMethodHandle$Holder.delegate(java.lang.Object, java.lang.Object, int, java.lang.Object)'> (0x000000008912f880) thrown at [./src/hotspot/share/interpreter/linkResolver.cpp, line 773]
Event: 3.449 Thread 0x000001b8b63dd800 Exception <a 'java/lang/NoSuchMethodError'{0x000000008972c698}: 'java.lang.Object java.lang.invoke.DirectMethodHandle$Holder.invokeInterface(java.lang.Object, java.lang.Object, java.lang.Object)'> (0x000000008972c698) thrown at [./src/hotspot/share/interpreter/linkResolver.cpp, line 773]
Event: 3.622 Thread 0x000001b8b63dd800 Exception <a 'java/lang/NoSuchMethodError'{0x00000000895bd2a8}: 'java.lang.Object java.lang.invoke.DirectMethodHandle$Holder.invokeStaticInit(java.lang.Object, java.lang.Object, java.lang.Object)'> (0x00000000895bd2a8) thrown at [./src/hotspot/share/interpreter/linkResolver.cpp, line 773]
Event: 4.065 Thread 0x000001b8b63dd800 Exception <a 'java/lang/NoSuchMethodError'{0x0000000089088690}: 'java.lang.Object java.lang.invoke.DirectMethodHandle$Holder.invokeStaticInit(java.lang.Object, int, int, int, int)'> (0x0000000089088690) thrown at [./src/hotspot/share/interpreter/linkResolver.cpp, line 773]
Event: 4.910 Thread 0x000001b8b63dd800 Exception <a 'java/lang/NoSuchMethodError'{0x0000000088d50288}: 'java.lang.Object java.lang.invoke.DirectMethodHandle$Holder.invokeStaticInit(java.lang.Object, java.lang.Object, int, int, int, int)'> (0x0000000088d50288) thrown at [./src/hotspot/share/interpreter/linkResolver.cpp, line 773]
Event: 5.863 Thread 0x000001b8b63dd800 Implicit null exception at 0x000001b8c19f5974 to 0x000001b8c19f5e80
Event: 5.863 Thread 0x000001b8b63dd800 Implicit null exception at 0x000001b8c19f8a74 to 0x000001b8c19f8f60

Events (20 events):
Event: 14.194 loading class jdk/internal/reflect/Label$PatchInfo
Event: 14.194 loading class jdk/internal/reflect/Label$PatchInfo done
Event: 14.194 loading class jdk/internal/reflect/MethodAccessorGenerator$1
Event: 14.194 loading class jdk/internal/reflect/MethodAccessorGenerator$1 done
Event: 14.194 loading class jdk/internal/reflect/ClassDefiner
Event: 14.194 loading class jdk/internal/reflect/ClassDefiner done
Event: 14.194 loading class jdk/internal/reflect/ClassDefiner$1
Event: 14.195 loading class jdk/internal/reflect/ClassDefiner$1 done
Event: 81.729 loading class com/google/common/collect/CollectPreconditions
Event: 81.729 loading class com/google/common/collect/CollectPreconditions done
Event: 81.731 loading class org/gradle/internal/logging/events/StyledTextOutputEvent$Span
Event: 81.731 loading class org/gradle/internal/logging/events/StyledTextOutputEvent$Span done
Event: 81.731 loading class org/gradle/internal/logging/events/operations/StyledTextBuildOperationProgressDetails$Span
Event: 81.731 loading class org/gradle/internal/logging/events/operations/StyledTextBuildOperationProgressDetails$Span done
Event: 81.732 loading class org/gradle/internal/operations/logging/StyledTextBuildOperationProgressDetails$Span
Event: 81.732 loading class org/gradle/internal/operations/logging/StyledTextBuildOperationProgressDetails$Span done
Event: 81.732 Executing VM operation: RevokeBias
Event: 81.732 Executing VM operation: RevokeBias done
Event: 81.804 loading class org/gradle/internal/logging/text/AbstractLineChoppingStyledTextOutput$StateContext
Event: 81.804 loading class org/gradle/internal/logging/text/AbstractLineChoppingStyledTextOutput$StateContext done


Dynamic libraries:
0x00007ff6c8de0000 - 0x00007ff6c8dea000 	D:\Downloads\Android-studio\jre\bin\java.exe
0x00007ff9ea290000 - 0x00007ff9ea488000 	C:\WINDOWS\SYSTEM32\ntdll.dll
0x00007ff9e9bd0000 - 0x00007ff9e9c8f000 	C:\WINDOWS\System32\KERNEL32.DLL
0x00007ff9e7e10000 - 0x00007ff9e8106000 	C:\WINDOWS\System32\KERNELBASE.dll
0x00007ff9e7cc0000 - 0x00007ff9e7dc0000 	C:\WINDOWS\System32\ucrtbase.dll
0x00007ff9db450000 - 0x00007ff9db469000 	D:\Downloads\Android-studio\jre\bin\jli.dll
0x00007ff9e9880000 - 0x00007ff9e9a1d000 	C:\WINDOWS\System32\USER32.dll
0x00007ff9e82c0000 - 0x00007ff9e82e2000 	C:\WINDOWS\System32\win32u.dll
0x00007ff9e9ba0000 - 0x00007ff9e9bcc000 	C:\WINDOWS\System32\GDI32.dll
0x00007ff9e7ad0000 - 0x00007ff9e7be5000 	C:\WINDOWS\System32\gdi32full.dll
0x00007ff9e7c20000 - 0x00007ff9e7cbd000 	C:\WINDOWS\System32\msvcp_win.dll
0x00007ff9db430000 - 0x00007ff9db447000 	D:\Downloads\Android-studio\jre\bin\VCRUNTIME140.dll
0x00007ff9d3c20000 - 0x00007ff9d3eba000 	C:\WINDOWS\WinSxS\amd64_microsoft.windows.common-controls_6595b64144ccf1df_6.0.19041.1110_none_60b5254171f9507e\COMCTL32.dll
0x00007ff9e96d0000 - 0x00007ff9e976e000 	C:\WINDOWS\System32\msvcrt.dll
0x00007ff9e9d00000 - 0x00007ff9e9d30000 	C:\WINDOWS\System32\IMM32.DLL
0x00007ff9c76e0000 - 0x00007ff9c777d000 	D:\Downloads\Android-studio\jre\bin\msvcp140.dll
0x00007ff9aa8f0000 - 0x00007ff9ab3f2000 	D:\Downloads\Android-studio\jre\bin\server\jvm.dll
0x00007ff9ea140000 - 0x00007ff9ea1ef000 	C:\WINDOWS\System32\ADVAPI32.dll
0x00007ff9e9aa0000 - 0x00007ff9e9b3c000 	C:\WINDOWS\System32\sechost.dll
0x00007ff9e9320000 - 0x00007ff9e9446000 	C:\WINDOWS\System32\RPCRT4.dll
0x00007ff9e82f0000 - 0x00007ff9e82f8000 	C:\WINDOWS\System32\PSAPI.DLL
0x00007ff9ac0d0000 - 0x00007ff9ac0d9000 	C:\WINDOWS\SYSTEM32\WSOCK32.dll
0x00007ff9e9c90000 - 0x00007ff9e9cfb000 	C:\WINDOWS\System32\WS2_32.dll
0x00007ff9c6b70000 - 0x00007ff9c6b97000 	C:\WINDOWS\SYSTEM32\WINMM.dll
0x00007ff9dcf10000 - 0x00007ff9dcf1a000 	C:\WINDOWS\SYSTEM32\VERSION.dll
0x00007ff9e61c0000 - 0x00007ff9e61d2000 	C:\WINDOWS\SYSTEM32\kernel.appcore.dll
0x00007ff9cfc30000 - 0x00007ff9cfc41000 	D:\Downloads\Android-studio\jre\bin\verify.dll
0x00007ff9e5800000 - 0x00007ff9e59e4000 	C:\WINDOWS\SYSTEM32\DBGHELP.DLL
0x00007ff9d40a0000 - 0x00007ff9d40d4000 	C:\WINDOWS\SYSTEM32\dbgcore.DLL
0x00007ff9e8230000 - 0x00007ff9e82b2000 	C:\WINDOWS\System32\bcryptPrimitives.dll
0x00007ff9cc110000 - 0x00007ff9cc139000 	D:\Downloads\Android-studio\jre\bin\java.dll
0x00007ff9df1f0000 - 0x00007ff9df1fb000 	D:\Downloads\Android-studio\jre\bin\jimage.dll
0x00007ff9cfc10000 - 0x00007ff9cfc28000 	D:\Downloads\Android-studio\jre\bin\zip.dll
0x00007ff9e8400000 - 0x00007ff9e8b44000 	C:\WINDOWS\System32\SHELL32.dll
0x00007ff9e59f0000 - 0x00007ff9e6183000 	C:\WINDOWS\SYSTEM32\windows.storage.dll
0x00007ff9e8fc0000 - 0x00007ff9e9314000 	C:\WINDOWS\System32\combase.dll
0x00007ff9e7360000 - 0x00007ff9e738e000 	C:\WINDOWS\SYSTEM32\Wldp.dll
0x00007ff9e97d0000 - 0x00007ff9e987d000 	C:\WINDOWS\System32\SHCORE.dll
0x00007ff9e9770000 - 0x00007ff9e97c5000 	C:\WINDOWS\System32\shlwapi.dll
0x00007ff9e78b0000 - 0x00007ff9e78cf000 	C:\WINDOWS\SYSTEM32\profapi.dll
0x00007ff9cc0f0000 - 0x00007ff9cc10a000 	D:\Downloads\Android-studio\jre\bin\net.dll
0x00007ff9dca60000 - 0x00007ff9dcb6a000 	C:\WINDOWS\SYSTEM32\WINHTTP.dll
0x00007ff9e70c0000 - 0x00007ff9e712a000 	C:\WINDOWS\system32\mswsock.dll
0x00007ff9c87d0000 - 0x00007ff9c87e4000 	D:\Downloads\Android-studio\jre\bin\nio.dll
0x00007ff9db910000 - 0x00007ff9db937000 	C:\Users\wiz tech\.gradle\native\e1d6ef7f7dcc3fd88c89a11ec53ec762bb8ba0a96d01ffa2cd45eb1d1d8dd5c5\windows-amd64\native-platform.dll
0x00007ff9df3b0000 - 0x00007ff9df3ba000 	D:\Downloads\Android-studio\jre\bin\management.dll
0x00007ff9dbfa0000 - 0x00007ff9dbfad000 	D:\Downloads\Android-studio\jre\bin\management_ext.dll
0x00007ff9e72b0000 - 0x00007ff9e72c8000 	C:\WINDOWS\SYSTEM32\CRYPTSP.dll
0x00007ff9e69e0000 - 0x00007ff9e6a14000 	C:\WINDOWS\system32\rsaenh.dll
0x00007ff9e7bf0000 - 0x00007ff9e7c17000 	C:\WINDOWS\System32\bcrypt.dll
0x00007ff9e7870000 - 0x00007ff9e789e000 	C:\WINDOWS\SYSTEM32\USERENV.dll
0x00007ff9e72d0000 - 0x00007ff9e72dc000 	C:\WINDOWS\SYSTEM32\CRYPTBASE.dll
0x00007ff9e6db0000 - 0x00007ff9e6dec000 	C:\WINDOWS\SYSTEM32\IPHLPAPI.DLL
0x00007ff9e8300000 - 0x00007ff9e8308000 	C:\WINDOWS\System32\NSI.dll
0x00007ff9de620000 - 0x00007ff9de637000 	C:\WINDOWS\SYSTEM32\dhcpcsvc6.DLL
0x00007ff9de600000 - 0x00007ff9de61d000 	C:\WINDOWS\SYSTEM32\dhcpcsvc.DLL
0x00007ff9e6df0000 - 0x00007ff9e6ebb000 	C:\WINDOWS\SYSTEM32\DNSAPI.dll

dbghelp: loaded successfully - version: 4.0.5 - missing functions: none
symbol engine: initialized successfully - sym options: 0x614 - pdb path: .;D:\Downloads\Android-studio\jre\bin;C:\WINDOWS\SYSTEM32;C:\WINDOWS\WinSxS\amd64_microsoft.windows.common-controls_6595b64144ccf1df_6.0.19041.1110_none_60b5254171f9507e;D:\Downloads\Android-studio\jre\bin\server;C:\Users\wiz tech\.gradle\native\e1d6ef7f7dcc3fd88c89a11ec53ec762bb8ba0a96d01ffa2cd45eb1d1d8dd5c5\windows-amd64

VM Arguments:
jvm_args: -Dorg.gradle.appname=gradlew 
java_command: org.gradle.wrapper.GradleWrapperMain -q -Ptarget-platform=android-arm64 -Ptarget=D:\Projects\Flutter Projects\Residentapp-2-27-2023-main\lib\main.dart -Pbase-application-name=android.app.Application -Pdart-defines=RkxVVFRFUl9XRUJfQVVUT19ERVRFQ1Q9dHJ1ZQ==,RkxVVFRFUl9XRUJfQ0FOVkFTS0lUX1VSTD1odHRwczovL3d3dy5nc3RhdGljLmNvbS9mbHV0dGVyLWNhbnZhc2tpdC9iNGZiMTEyMTRkZDJkZGE2Y2UwMTJkZDk4ZWE0OThlOWU4YjkxMjYyLw== -Pdart-obfuscation=false -Ptrack-widget-creation=true -Ptree-shake-icons=false -Pfilesystem-scheme=org-dartlang-root assembleDebug
java_class_path (initial): D:\Projects\Flutter Projects\Residentapp-2-27-2023-main\android\\gradle\wrapper\gradle-wrapper.jar
Launcher Type: SUN_STANDARD

[Global flags]
     intx CICompilerCount                          = 3                                         {product} {ergonomic}
     uint ConcGCThreads                            = 1                                         {product} {ergonomic}
     uint G1ConcRefinementThreads                  = 4                                         {product} {ergonomic}
   size_t G1HeapRegionSize                         = 1048576                                   {product} {ergonomic}
    uintx GCDrainStackTargetSize                   = 64                                        {product} {ergonomic}
   size_t InitialHeapSize                          = 134217728                                 {product} {ergonomic}
   size_t MarkStackSize                            = 4194304                                   {product} {ergonomic}
   size_t MaxHeapSize                              = 2118123520                                {product} {ergonomic}
   size_t MaxNewSize                               = 1270874112                                {product} {ergonomic}
   size_t MinHeapDeltaBytes                        = 1048576                                   {product} {ergonomic}
    uintx NonNMethodCodeHeapSize                   = 5830732                                {pd product} {ergonomic}
    uintx NonProfiledCodeHeapSize                  = 122913754                              {pd product} {ergonomic}
    uintx ProfiledCodeHeapSize                     = 122913754                              {pd product} {ergonomic}
    uintx ReservedCodeCacheSize                    = 251658240                              {pd product} {ergonomic}
     bool SegmentedCodeCache                       = true                                      {product} {ergonomic}
     bool UseCompressedClassPointers               = true                                 {lp64_product} {ergonomic}
     bool UseCompressedOops                        = true                                 {lp64_product} {ergonomic}
     bool UseG1GC                                  = true                                      {product} {ergonomic}
     bool UseLargePagesIndividualAllocation        = false                                  {pd product} {ergonomic}

Logging:
Log output configuration:
 #0: stdout all=warning uptime,level,tags
 #1: stderr all=off uptime,level,tags

Environment Variables:
JAVA_HOME=D:\Downloads\Android-studio\jre
CLASSPATH=D:\Projects\Flutter Projects\Residentapp-2-27-2023-main\android\\gradle\wrapper\gradle-wrapper.jar
PATH=C:\Program Files\Common Files\Oracle\Java\javapath;C:\WINDOWS\system32;C:\WINDOWS;C:\WINDOWS\System32\Wbem;C:\WINDOWS\System32\WindowsPowerShell\v1.0\;C:\WINDOWS\System32\OpenSSH\;C:\Program Files (x86)\Intel\Intel(R) Management Engine Components\DAL;C:\Program Files\Intel\Intel(R) Management Engine Components\DAL;D:\Downloads\xamp setup\php;C:\ProgramData\ComposerSetup\bin;C:\Users\wiz tech\AppData\Local\Microsoft\WindowsApps;D:\Downloads\flutter\bin;D:\Downloads\bin;D:\Downloads\visual studio\vscode\bin;D:\Downloads\Visual studio\bin;D:\Downloads\visual studio\visualcodesetup\bin;C:\Users\wiz tech\AppData\Local\GitHubDesktop\bin;D:\Downloads\android-sdk\platform-tools;C:\Users\wiz tech\AppData\Local\Pub\Cache\bin;C:\Users\wiz tech\AppData\Local\Pub\Cache\bin;C:\Users\wiz tech\AppData\Roaming\Composer\vendor\bin;D:\Downloads\flutter\bin\mingit\cmd
USERNAME=Zarish
OS=Windows_NT
PROCESSOR_IDENTIFIER=Intel64 Family 6 Model 78 Stepping 3, GenuineIntel



---------------  S Y S T E M  ---------------

OS: Windows 10 , 64 bit Build 19041 (10.0.19041.2913)
OS uptime: 1 days 9:03 hours

CPU:total 4 (initial active 4) (2 cores per cpu, 2 threads per core) family 6 model 78 stepping 3 microcode 0xf0, cmov, cx8, fxsr, mmx, sse, sse2, sse3, ssse3, sse4.1, sse4.2, popcnt, avx, avx2, aes, clmul, erms, rtm, 3dnowpref, lzcnt, ht, tsc, tscinvbit, bmi1, bmi2, adx, fma

Memory: 4k page, system-wide physical 8072M (299M free)
TotalPageFile size 12168M (AvailPageFile size 18M)
current process WorkingSet (physical memory assigned to process): 84M, peak: 84M
current process commit charge ("private bytes"): 217M, peak: 218M

vm_info: OpenJDK 64-Bit Server VM (11.0.13+0-b1751.21-8125866) for windows-amd64 JRE (11.0.13+0-b1751.21-8125866), built on Feb  2 2022 03:00:22 by "builder" with MS VC++ 14.0 (VS2015)

END.
